<?xml version="1.0" encoding="UTF-8"?>
<coverage generated="1744272472578" clover="3.2.0">
  <project timestamp="1744272472578" name="All files">
    <metrics statements="111" coveredstatements="111" conditionals="86" coveredconditionals="82" methods="28" coveredmethods="28" elements="225" coveredelements="221" complexity="0" loc="111" ncloc="111" packages="2" files="4" classes="4"/>
    <package name="assets.images">
      <metrics statements="2" coveredstatements="2" conditionals="0" coveredconditionals="0" methods="0" coveredmethods="0"/>
      <file name="Huddled-wordmark.png" path="C:\Users\Goddy\Desktop\huddled-p000277se-rmit-capstone\assets\images\Huddled-wordmark.png">
        <metrics statements="1" coveredstatements="1" conditionals="0" coveredconditionals="0" methods="0" coveredmethods="0"/>
        <line num="1" count="1" type="stmt"/>
      </file>
      <file name="icon-only.png" path="C:\Users\Goddy\Desktop\huddled-p000277se-rmit-capstone\assets\images\icon-only.png">
        <metrics statements="1" coveredstatements="1" conditionals="0" coveredconditionals="0" methods="0" coveredmethods="0"/>
        <line num="1" count="1" type="stmt"/>
      </file>
    </package>
    <package name="src.app.(auth)">
      <metrics statements="109" coveredstatements="109" conditionals="86" coveredconditionals="82" methods="28" coveredmethods="28"/>
      <file name="signin.tsx" path="C:\Users\Goddy\Desktop\huddled-p000277se-rmit-capstone\src\app\(auth)\signin.tsx">
        <metrics statements="41" coveredstatements="41" conditionals="26" coveredconditionals="25" methods="10" coveredmethods="10"/>
        <line num="18" count="57" type="stmt"/>
        <line num="20" count="57" type="stmt"/>
        <line num="21" count="57" type="stmt"/>
        <line num="22" count="57" type="stmt"/>
        <line num="23" count="57" type="stmt"/>
        <line num="24" count="57" type="stmt"/>
        <line num="26" count="57" type="stmt"/>
        <line num="27" count="22" type="stmt"/>
        <line num="28" count="22" type="cond" truecount="2" falsecount="0"/>
        <line num="29" count="19" type="cond" truecount="2" falsecount="0"/>
        <line num="30" count="17" type="stmt"/>
        <line num="33" count="57" type="stmt"/>
        <line num="34" count="20" type="cond" truecount="2" falsecount="0"/>
        <line num="35" count="17" type="stmt"/>
        <line num="38" count="57" type="stmt"/>
        <line num="39" count="8" type="stmt"/>
        <line num="40" count="8" type="stmt"/>
        <line num="41" count="8" type="stmt"/>
        <line num="42" count="8" type="stmt"/>
        <line num="43" count="8" type="cond" truecount="4" falsecount="0"/>
        <line num="45" count="7" type="stmt"/>
        <line num="47" count="7" type="cond" truecount="2" falsecount="0"/>
        <line num="48" count="3" type="cond" truecount="2" falsecount="0"/>
        <line num="49" count="1" type="stmt"/>
        <line num="50" count="2" type="cond" truecount="2" falsecount="0"/>
        <line num="51" count="1" type="stmt"/>
        <line num="53" count="1" type="stmt"/>
        <line num="56" count="4" type="stmt"/>
        <line num="57" count="4" type="stmt"/>
        <line num="58" count="2" type="stmt"/>
        <line num="59" count="2" type="stmt"/>
        <line num="64" count="57" type="stmt"/>
        <line num="65" count="1" type="stmt"/>
        <line num="68" count="57" type="stmt"/>
        <line num="98" count="10" type="stmt"/>
        <line num="99" count="10" type="stmt"/>
        <line num="101" count="4" type="stmt"/>
        <line num="114" count="9" type="stmt"/>
        <line num="115" count="9" type="stmt"/>
        <line num="117" count="3" type="stmt"/>
        <line num="151" count="1" type="stmt"/>
      </file>
      <file name="signup.tsx" path="C:\Users\Goddy\Desktop\huddled-p000277se-rmit-capstone\src\app\(auth)\signup.tsx">
        <metrics statements="68" coveredstatements="68" conditionals="60" coveredconditionals="57" methods="18" coveredmethods="18"/>
        <line num="21" count="84" type="stmt"/>
        <line num="23" count="84" type="stmt"/>
        <line num="24" count="84" type="stmt"/>
        <line num="25" count="84" type="stmt"/>
        <line num="26" count="84" type="stmt"/>
        <line num="27" count="84" type="stmt"/>
        <line num="28" count="84" type="stmt"/>
        <line num="29" count="84" type="stmt"/>
        <line num="31" count="84" type="stmt"/>
        <line num="39" count="84" type="stmt"/>
        <line num="40" count="43" type="stmt"/>
        <line num="42" count="43" type="cond" truecount="5" falsecount="0"/>
        <line num="44" count="9" type="cond" truecount="2" falsecount="0"/>
        <line num="45" count="6" type="cond" truecount="2" falsecount="0"/>
        <line num="46" count="9" type="stmt"/>
        <line num="48" count="10" type="cond" truecount="2" falsecount="0"/>
        <line num="49" count="6" type="cond" truecount="2" falsecount="0"/>
        <line num="50" count="10" type="stmt"/>
        <line num="52" count="8" type="cond" truecount="2" falsecount="0"/>
        <line num="53" count="5" type="cond" truecount="2" falsecount="0"/>
        <line num="54" count="8" type="stmt"/>
        <line num="56" count="8" type="cond" truecount="2" falsecount="0"/>
        <line num="57" count="8" type="stmt"/>
        <line num="59" count="8" type="cond" truecount="2" falsecount="0"/>
        <line num="60" count="8" type="stmt"/>
        <line num="63" count="43" type="stmt"/>
        <line num="66" count="84" type="stmt"/>
        <line num="67" count="3" type="stmt"/>
        <line num="72" count="3" type="cond" truecount="5" falsecount="0"/>
        <line num="73" count="2" type="stmt"/>
        <line num="74" count="2" type="stmt"/>
        <line num="75" count="2" type="stmt"/>
        <line num="77" count="2" type="stmt"/>
        <line num="83" count="2" type="stmt"/>
        <line num="87" count="84" type="stmt"/>
        <line num="88" count="6" type="stmt"/>
        <line num="89" count="6" type="stmt"/>
        <line num="90" count="6" type="stmt"/>
        <line num="91" count="6" type="stmt"/>
        <line num="92" count="6" type="stmt"/>
        <line num="94" count="6" type="stmt"/>
        <line num="102" count="6" type="stmt"/>
        <line num="104" count="22" type="stmt"/>
        <line num="105" count="6" type="cond" truecount="2" falsecount="0"/>
        <line num="107" count="4" type="stmt"/>
        <line num="108" count="4" type="stmt"/>
        <line num="109" count="4" type="stmt"/>
        <line num="110" count="2" type="stmt"/>
        <line num="111" count="2" type="stmt"/>
        <line num="112" count="2" type="stmt"/>
        <line num="114" count="2" type="cond" truecount="2" falsecount="0"/>
        <line num="116" count="4" type="stmt"/>
        <line num="120" count="84" type="stmt"/>
        <line num="121" count="2" type="stmt"/>
        <line num="124" count="84" type="stmt"/>
        <line num="125" count="6" type="stmt"/>
        <line num="128" count="84" type="stmt"/>
        <line num="152" count="6" type="stmt"/>
        <line num="153" count="3" type="stmt"/>
        <line num="167" count="7" type="stmt"/>
        <line num="168" count="4" type="stmt"/>
        <line num="181" count="8" type="stmt"/>
        <line num="182" count="2" type="stmt"/>
        <line num="195" count="6" type="stmt"/>
        <line num="196" count="2" type="stmt"/>
        <line num="208" count="6" type="stmt"/>
        <line num="209" count="2" type="stmt"/>
        <line num="260" count="1" type="stmt"/>
      </file>
    </package>
  </project>
</coverage>
