{"C:\\Users\\Goddy\\Desktop\\huddled-p000277se-rmit-capstone\\assets\\images\\Huddled-wordmark.png": {"path":"C:\\Users\\Goddy\\Desktop\\huddled-p000277se-rmit-capstone\\assets\\images\\Huddled-wordmark.png","statementMap":{"0":{"start":{"line":1,"column":0},"end":{"line":4,"column":6}}},"fnMap":{},"branchMap":{},"s":{"0":1},"f":{},"b":{},"_coverageSchema":"1a1c01bbd47fc00a2c39e90264f33305004495a9","hash":"067a5ea703994bce30fcda981a86cbd897662ce0"}
,"C:\\Users\\Goddy\\Desktop\\huddled-p000277se-rmit-capstone\\assets\\images\\icon-only.png": {"path":"C:\\Users\\Goddy\\Desktop\\huddled-p000277se-rmit-capstone\\assets\\images\\icon-only.png","statementMap":{"0":{"start":{"line":1,"column":0},"end":{"line":4,"column":6}}},"fnMap":{},"branchMap":{},"s":{"0":1},"f":{},"b":{},"_coverageSchema":"1a1c01bbd47fc00a2c39e90264f33305004495a9","hash":"bbacc12d16bedae6ca7cec6fc9f6aa173f66ecdd"}
,"C:\\Users\\Goddy\\Desktop\\huddled-p000277se-rmit-capstone\\src\\app\\(auth)\\signin.tsx": {"path":"C:\\Users\\Goddy\\Desktop\\huddled-p000277se-rmit-capstone\\src\\app\\(auth)\\signin.tsx","statementMap":{"0":{"start":{"line":18,"column":17},"end":{"line":18,"column":28}},"1":{"start":{"line":20,"column":28},"end":{"line":20,"column":40}},"2":{"start":{"line":21,"column":34},"end":{"line":21,"column":46}},"3":{"start":{"line":22,"column":38},"end":{"line":22,"column":50}},"4":{"start":{"line":23,"column":44},"end":{"line":23,"column":56}},"5":{"start":{"line":24,"column":56},"end":{"line":24,"column":71}},"6":{"start":{"line":26,"column":24},"end":{"line":31,"column":3}},"7":{"start":{"line":27,"column":18},"end":{"line":27,"column":46}},"8":{"start":{"line":28,"column":4},"end":{"line":28,"column":43}},"9":{"start":{"line":28,"column":16},"end":{"line":28,"column":43}},"10":{"start":{"line":29,"column":4},"end":{"line":29,"column":72}},"11":{"start":{"line":29,"column":28},"end":{"line":29,"column":72}},"12":{"start":{"line":30,"column":4},"end":{"line":30,"column":14}},"13":{"start":{"line":33,"column":27},"end":{"line":36,"column":3}},"14":{"start":{"line":34,"column":4},"end":{"line":34,"column":46}},"15":{"start":{"line":34,"column":16},"end":{"line":34,"column":46}},"16":{"start":{"line":35,"column":4},"end":{"line":35,"column":14}},"17":{"start":{"line":38,"column":22},"end":{"line":62,"column":3}},"18":{"start":{"line":39,"column":21},"end":{"line":39,"column":41}},"19":{"start":{"line":40,"column":20},"end":{"line":40,"column":46}},"20":{"start":{"line":41,"column":4},"end":{"line":41,"column":28}},"21":{"start":{"line":42,"column":4},"end":{"line":42,"column":30}},"22":{"start":{"line":43,"column":4},"end":{"line":43,"column":36}},"23":{"start":{"line":43,"column":29},"end":{"line":43,"column":36}},"24":{"start":{"line":45,"column":22},"end":{"line":45,"column":81}},"25":{"start":{"line":47,"column":4},"end":{"line":61,"column":5}},"26":{"start":{"line":48,"column":6},"end":{"line":54,"column":7}},"27":{"start":{"line":49,"column":8},"end":{"line":49,"column":84}},"28":{"start":{"line":50,"column":13},"end":{"line":54,"column":7}},"29":{"start":{"line":51,"column":8},"end":{"line":51,"column":56}},"30":{"start":{"line":53,"column":8},"end":{"line":53,"column":40}},"31":{"start":{"line":56,"column":6},"end":{"line":56,"column":35}},"32":{"start":{"line":57,"column":6},"end":{"line":60,"column":15}},"33":{"start":{"line":58,"column":8},"end":{"line":58,"column":38}},"34":{"start":{"line":59,"column":8},"end":{"line":59,"column":34}},"35":{"start":{"line":64,"column":23},"end":{"line":66,"column":3}},"36":{"start":{"line":65,"column":4},"end":{"line":65,"column":39}},"37":{"start":{"line":68,"column":2},"end":{"line":148,"column":4}},"38":{"start":{"line":98,"column":16},"end":{"line":98,"column":31}},"39":{"start":{"line":99,"column":16},"end":{"line":99,"column":51}},"40":{"start":{"line":101,"column":28},"end":{"line":101,"column":63}},"41":{"start":{"line":114,"column":16},"end":{"line":114,"column":34}},"42":{"start":{"line":115,"column":16},"end":{"line":115,"column":57}},"43":{"start":{"line":117,"column":28},"end":{"line":117,"column":72}},"44":{"start":{"line":151,"column":15},"end":{"line":277,"column":2}}},"fnMap":{"0":{"name":"SignIn","decl":{"start":{"line":17,"column":24},"end":{"line":17,"column":30}},"loc":{"start":{"line":17,"column":33},"end":{"line":149,"column":1}},"line":17},"1":{"name":"(anonymous_1)","decl":{"start":{"line":26,"column":24},"end":{"line":26,"column":25}},"loc":{"start":{"line":26,"column":43},"end":{"line":31,"column":3}},"line":26},"2":{"name":"(anonymous_2)","decl":{"start":{"line":33,"column":27},"end":{"line":33,"column":28}},"loc":{"start":{"line":33,"column":46},"end":{"line":36,"column":3}},"line":33},"3":{"name":"(anonymous_3)","decl":{"start":{"line":38,"column":22},"end":{"line":38,"column":23}},"loc":{"start":{"line":38,"column":34},"end":{"line":62,"column":3}},"line":38},"4":{"name":"(anonymous_4)","decl":{"start":{"line":57,"column":17},"end":{"line":57,"column":18}},"loc":{"start":{"line":57,"column":23},"end":{"line":60,"column":7}},"line":57},"5":{"name":"(anonymous_5)","decl":{"start":{"line":64,"column":23},"end":{"line":64,"column":24}},"loc":{"start":{"line":64,"column":29},"end":{"line":66,"column":3}},"line":64},"6":{"name":"(anonymous_6)","decl":{"start":{"line":97,"column":28},"end":{"line":97,"column":29}},"loc":{"start":{"line":97,"column":38},"end":{"line":100,"column":15}},"line":97},"7":{"name":"(anonymous_7)","decl":{"start":{"line":101,"column":22},"end":{"line":101,"column":23}},"loc":{"start":{"line":101,"column":28},"end":{"line":101,"column":63}},"line":101},"8":{"name":"(anonymous_8)","decl":{"start":{"line":113,"column":28},"end":{"line":113,"column":29}},"loc":{"start":{"line":113,"column":38},"end":{"line":116,"column":15}},"line":113},"9":{"name":"(anonymous_9)","decl":{"start":{"line":117,"column":22},"end":{"line":117,"column":23}},"loc":{"start":{"line":117,"column":28},"end":{"line":117,"column":72}},"line":117}},"branchMap":{"0":{"loc":{"start":{"line":28,"column":4},"end":{"line":28,"column":43}},"type":"if","locations":[{"start":{"line":28,"column":4},"end":{"line":28,"column":43}},{"start":{},"end":{}}],"line":28},"1":{"loc":{"start":{"line":29,"column":4},"end":{"line":29,"column":72}},"type":"if","locations":[{"start":{"line":29,"column":4},"end":{"line":29,"column":72}},{"start":{},"end":{}}],"line":29},"2":{"loc":{"start":{"line":34,"column":4},"end":{"line":34,"column":46}},"type":"if","locations":[{"start":{"line":34,"column":4},"end":{"line":34,"column":46}},{"start":{},"end":{}}],"line":34},"3":{"loc":{"start":{"line":43,"column":4},"end":{"line":43,"column":36}},"type":"if","locations":[{"start":{"line":43,"column":4},"end":{"line":43,"column":36}},{"start":{},"end":{}}],"line":43},"4":{"loc":{"start":{"line":43,"column":8},"end":{"line":43,"column":27}},"type":"binary-expr","locations":[{"start":{"line":43,"column":8},"end":{"line":43,"column":16}},{"start":{"line":43,"column":20},"end":{"line":43,"column":27}}],"line":43},"5":{"loc":{"start":{"line":47,"column":4},"end":{"line":61,"column":5}},"type":"if","locations":[{"start":{"line":47,"column":4},"end":{"line":61,"column":5}},{"start":{"line":55,"column":11},"end":{"line":61,"column":5}}],"line":47},"6":{"loc":{"start":{"line":48,"column":6},"end":{"line":54,"column":7}},"type":"if","locations":[{"start":{"line":48,"column":6},"end":{"line":54,"column":7}},{"start":{"line":50,"column":13},"end":{"line":54,"column":7}}],"line":48},"7":{"loc":{"start":{"line":50,"column":13},"end":{"line":54,"column":7}},"type":"if","locations":[{"start":{"line":50,"column":13},"end":{"line":54,"column":7}},{"start":{"line":52,"column":13},"end":{"line":54,"column":7}}],"line":50},"8":{"loc":{"start":{"line":71,"column":18},"end":{"line":71,"column":62}},"type":"cond-expr","locations":[{"start":{"line":71,"column":42},"end":{"line":71,"column":51}},{"start":{"line":71,"column":54},"end":{"line":71,"column":62}}],"line":71},"9":{"loc":{"start":{"line":92,"column":36},"end":{"line":92,"column":73}},"type":"cond-expr","locations":[{"start":{"line":92,"column":49},"end":{"line":92,"column":66}},{"start":{"line":92,"column":69},"end":{"line":92,"column":73}}],"line":92},"10":{"loc":{"start":{"line":103,"column":13},"end":{"line":103,"column":83}},"type":"cond-expr","locations":[{"start":{"line":103,"column":26},"end":{"line":103,"column":76}},{"start":{"line":103,"column":79},"end":{"line":103,"column":83}}],"line":103},"11":{"loc":{"start":{"line":109,"column":36},"end":{"line":109,"column":76}},"type":"cond-expr","locations":[{"start":{"line":109,"column":52},"end":{"line":109,"column":69}},{"start":{"line":109,"column":72},"end":{"line":109,"column":76}}],"line":109},"12":{"loc":{"start":{"line":119,"column":13},"end":{"line":119,"column":89}},"type":"cond-expr","locations":[{"start":{"line":119,"column":29},"end":{"line":119,"column":82}},{"start":{"line":119,"column":85},"end":{"line":119,"column":89}}],"line":119}},"s":{"0":57,"1":57,"2":57,"3":57,"4":57,"5":57,"6":57,"7":22,"8":22,"9":3,"10":19,"11":2,"12":17,"13":57,"14":20,"15":3,"16":17,"17":57,"18":8,"19":8,"20":8,"21":8,"22":8,"23":1,"24":7,"25":7,"26":3,"27":1,"28":2,"29":1,"30":1,"31":4,"32":4,"33":2,"34":2,"35":57,"36":1,"37":57,"38":10,"39":10,"40":4,"41":9,"42":9,"43":3,"44":1},"f":{"0":57,"1":22,"2":20,"3":8,"4":2,"5":1,"6":10,"7":4,"8":9,"9":3},"b":{"0":[3,19],"1":[2,17],"2":[3,17],"3":[1,7],"4":[8,7],"5":[3,4],"6":[1,2],"7":[1,1],"8":[57,0],"9":[5,52],"10":[5,52],"11":[6,51],"12":[6,51]},"_coverageSchema":"1a1c01bbd47fc00a2c39e90264f33305004495a9","hash":"00f52fc1543b008223049ecc8a65a6fcafc146f5"}
,"C:\\Users\\Goddy\\Desktop\\huddled-p000277se-rmit-capstone\\src\\app\\(auth)\\signup.tsx": {"path":"C:\\Users\\Goddy\\Desktop\\huddled-p000277se-rmit-capstone\\src\\app\\(auth)\\signup.tsx","statementMap":{"0":{"start":{"line":21,"column":17},"end":{"line":21,"column":28}},"1":{"start":{"line":23,"column":34},"end":{"line":23,"column":46}},"2":{"start":{"line":24,"column":28},"end":{"line":24,"column":40}},"3":{"start":{"line":25,"column":30},"end":{"line":25,"column":42}},"4":{"start":{"line":26,"column":34},"end":{"line":26,"column":46}},"5":{"start":{"line":27,"column":48},"end":{"line":27,"column":60}},"6":{"start":{"line":28,"column":32},"end":{"line":28,"column":99}},"7":{"start":{"line":29,"column":42},"end":{"line":29,"column":57}},"8":{"start":{"line":31,"column":30},"end":{"line":37,"column":4}},"9":{"start":{"line":39,"column":24},"end":{"line":64,"column":3}},"10":{"start":{"line":40,"column":16},"end":{"line":40,"column":18}},"11":{"start":{"line":42,"column":4},"end":{"line":61,"column":5}},"12":{"start":{"line":44,"column":8},"end":{"line":45,"column":76}},"13":{"start":{"line":44,"column":30},"end":{"line":44,"column":61}},"14":{"start":{"line":45,"column":13},"end":{"line":45,"column":76}},"15":{"start":{"line":45,"column":45},"end":{"line":45,"column":76}},"16":{"start":{"line":46,"column":8},"end":{"line":46,"column":14}},"17":{"start":{"line":48,"column":8},"end":{"line":49,"column":77}},"18":{"start":{"line":48,"column":27},"end":{"line":48,"column":55}},"19":{"start":{"line":49,"column":13},"end":{"line":49,"column":77}},"20":{"start":{"line":49,"column":46},"end":{"line":49,"column":77}},"21":{"start":{"line":50,"column":8},"end":{"line":50,"column":14}},"22":{"start":{"line":52,"column":8},"end":{"line":53,"column":69}},"23":{"start":{"line":52,"column":23},"end":{"line":52,"column":54}},"24":{"start":{"line":53,"column":13},"end":{"line":53,"column":69}},"25":{"start":{"line":53,"column":38},"end":{"line":53,"column":69}},"26":{"start":{"line":54,"column":8},"end":{"line":54,"column":14}},"27":{"start":{"line":56,"column":8},"end":{"line":56,"column":75}},"28":{"start":{"line":56,"column":42},"end":{"line":56,"column":75}},"29":{"start":{"line":57,"column":8},"end":{"line":57,"column":14}},"30":{"start":{"line":59,"column":8},"end":{"line":59,"column":57}},"31":{"start":{"line":59,"column":28},"end":{"line":59,"column":57}},"32":{"start":{"line":60,"column":8},"end":{"line":60,"column":14}},"33":{"start":{"line":63,"column":4},"end":{"line":63,"column":53}},"34":{"start":{"line":63,"column":23},"end":{"line":63,"column":50}},"35":{"start":{"line":66,"column":26},"end":{"line":85,"column":3}},"36":{"start":{"line":67,"column":19},"end":{"line":70,"column":6}},"37":{"start":{"line":72,"column":4},"end":{"line":84,"column":5}},"38":{"start":{"line":73,"column":19},"end":{"line":73,"column":35}},"39":{"start":{"line":74,"column":23},"end":{"line":74,"column":42}},"40":{"start":{"line":75,"column":23},"end":{"line":75,"column":52}},"41":{"start":{"line":77,"column":26},"end":{"line":81,"column":7}},"42":{"start":{"line":83,"column":6},"end":{"line":83,"column":30}},"43":{"start":{"line":87,"column":23},"end":{"line":118,"column":3}},"44":{"start":{"line":88,"column":4},"end":{"line":88,"column":30}},"45":{"start":{"line":89,"column":4},"end":{"line":89,"column":27}},"46":{"start":{"line":90,"column":4},"end":{"line":90,"column":30}},"47":{"start":{"line":91,"column":4},"end":{"line":91,"column":37}},"48":{"start":{"line":92,"column":4},"end":{"line":92,"column":28}},"49":{"start":{"line":94,"column":26},"end":{"line":100,"column":5}},"50":{"start":{"line":102,"column":4},"end":{"line":102,"column":29}},"51":{"start":{"line":104,"column":21},"end":{"line":104,"column":69}},"52":{"start":{"line":104,"column":60},"end":{"line":104,"column":68}},"53":{"start":{"line":105,"column":4},"end":{"line":105,"column":25}},"54":{"start":{"line":105,"column":18},"end":{"line":105,"column":25}},"55":{"start":{"line":107,"column":4},"end":{"line":117,"column":5}},"56":{"start":{"line":108,"column":6},"end":{"line":108,"column":28}},"57":{"start":{"line":109,"column":19},"end":{"line":109,"column":83}},"58":{"start":{"line":110,"column":6},"end":{"line":110,"column":41}},"59":{"start":{"line":111,"column":6},"end":{"line":111,"column":62}},"60":{"start":{"line":112,"column":6},"end":{"line":112,"column":32}},"61":{"start":{"line":114,"column":6},"end":{"line":114,"column":69}},"62":{"start":{"line":116,"column":6},"end":{"line":116,"column":29}},"63":{"start":{"line":120,"column":21},"end":{"line":122,"column":3}},"64":{"start":{"line":121,"column":4},"end":{"line":121,"column":39}},"65":{"start":{"line":124,"column":26},"end":{"line":126,"column":3}},"66":{"start":{"line":125,"column":4},"end":{"line":125,"column":56}},"67":{"start":{"line":128,"column":2},"end":{"line":257,"column":4}},"68":{"start":{"line":152,"column":38},"end":{"line":152,"column":55}},"69":{"start":{"line":153,"column":30},"end":{"line":153,"column":55}},"70":{"start":{"line":167,"column":38},"end":{"line":167,"column":52}},"71":{"start":{"line":168,"column":30},"end":{"line":168,"column":52}},"72":{"start":{"line":181,"column":38},"end":{"line":181,"column":55}},"73":{"start":{"line":182,"column":30},"end":{"line":182,"column":55}},"74":{"start":{"line":195,"column":38},"end":{"line":195,"column":62}},"75":{"start":{"line":196,"column":30},"end":{"line":196,"column":62}},"76":{"start":{"line":208,"column":38},"end":{"line":208,"column":70}},"77":{"start":{"line":209,"column":30},"end":{"line":209,"column":53}},"78":{"start":{"line":260,"column":15},"end":{"line":336,"column":2}}},"fnMap":{"0":{"name":"SignUp","decl":{"start":{"line":20,"column":24},"end":{"line":20,"column":30}},"loc":{"start":{"line":20,"column":33},"end":{"line":258,"column":1}},"line":20},"1":{"name":"(anonymous_1)","decl":{"start":{"line":39,"column":24},"end":{"line":39,"column":25}},"loc":{"start":{"line":39,"column":43},"end":{"line":64,"column":3}},"line":39},"2":{"name":"(anonymous_2)","decl":{"start":{"line":63,"column":14},"end":{"line":63,"column":15}},"loc":{"start":{"line":63,"column":23},"end":{"line":63,"column":50}},"line":63},"3":{"name":"(anonymous_3)","decl":{"start":{"line":66,"column":26},"end":{"line":66,"column":27}},"loc":{"start":{"line":66,"column":38},"end":{"line":85,"column":3}},"line":66},"4":{"name":"(anonymous_4)","decl":{"start":{"line":87,"column":23},"end":{"line":87,"column":24}},"loc":{"start":{"line":87,"column":35},"end":{"line":118,"column":3}},"line":87},"5":{"name":"(anonymous_5)","decl":{"start":{"line":104,"column":55},"end":{"line":104,"column":56}},"loc":{"start":{"line":104,"column":60},"end":{"line":104,"column":68}},"line":104},"6":{"name":"(anonymous_6)","decl":{"start":{"line":120,"column":21},"end":{"line":120,"column":22}},"loc":{"start":{"line":120,"column":27},"end":{"line":122,"column":3}},"line":120},"7":{"name":"(anonymous_7)","decl":{"start":{"line":124,"column":26},"end":{"line":124,"column":27}},"loc":{"start":{"line":124,"column":44},"end":{"line":126,"column":3}},"line":124},"8":{"name":"(anonymous_8)","decl":{"start":{"line":152,"column":30},"end":{"line":152,"column":31}},"loc":{"start":{"line":152,"column":38},"end":{"line":152,"column":55}},"line":152},"9":{"name":"(anonymous_9)","decl":{"start":{"line":153,"column":24},"end":{"line":153,"column":25}},"loc":{"start":{"line":153,"column":30},"end":{"line":153,"column":55}},"line":153},"10":{"name":"(anonymous_10)","decl":{"start":{"line":167,"column":30},"end":{"line":167,"column":31}},"loc":{"start":{"line":167,"column":38},"end":{"line":167,"column":52}},"line":167},"11":{"name":"(anonymous_11)","decl":{"start":{"line":168,"column":24},"end":{"line":168,"column":25}},"loc":{"start":{"line":168,"column":30},"end":{"line":168,"column":52}},"line":168},"12":{"name":"(anonymous_12)","decl":{"start":{"line":181,"column":30},"end":{"line":181,"column":31}},"loc":{"start":{"line":181,"column":38},"end":{"line":181,"column":55}},"line":181},"13":{"name":"(anonymous_13)","decl":{"start":{"line":182,"column":24},"end":{"line":182,"column":25}},"loc":{"start":{"line":182,"column":30},"end":{"line":182,"column":55}},"line":182},"14":{"name":"(anonymous_14)","decl":{"start":{"line":195,"column":30},"end":{"line":195,"column":31}},"loc":{"start":{"line":195,"column":38},"end":{"line":195,"column":62}},"line":195},"15":{"name":"(anonymous_15)","decl":{"start":{"line":196,"column":24},"end":{"line":196,"column":25}},"loc":{"start":{"line":196,"column":30},"end":{"line":196,"column":62}},"line":196},"16":{"name":"(anonymous_16)","decl":{"start":{"line":208,"column":30},"end":{"line":208,"column":31}},"loc":{"start":{"line":208,"column":38},"end":{"line":208,"column":70}},"line":208},"17":{"name":"(anonymous_17)","decl":{"start":{"line":209,"column":24},"end":{"line":209,"column":25}},"loc":{"start":{"line":209,"column":30},"end":{"line":209,"column":53}},"line":209}},"branchMap":{"0":{"loc":{"start":{"line":42,"column":4},"end":{"line":61,"column":5}},"type":"switch","locations":[{"start":{"line":43,"column":6},"end":{"line":46,"column":14}},{"start":{"line":47,"column":6},"end":{"line":50,"column":14}},{"start":{"line":51,"column":6},"end":{"line":54,"column":14}},{"start":{"line":55,"column":6},"end":{"line":57,"column":14}},{"start":{"line":58,"column":6},"end":{"line":60,"column":14}}],"line":42},"1":{"loc":{"start":{"line":44,"column":8},"end":{"line":45,"column":76}},"type":"if","locations":[{"start":{"line":44,"column":8},"end":{"line":45,"column":76}},{"start":{"line":45,"column":13},"end":{"line":45,"column":76}}],"line":44},"2":{"loc":{"start":{"line":45,"column":13},"end":{"line":45,"column":76}},"type":"if","locations":[{"start":{"line":45,"column":13},"end":{"line":45,"column":76}},{"start":{},"end":{}}],"line":45},"3":{"loc":{"start":{"line":48,"column":8},"end":{"line":49,"column":77}},"type":"if","locations":[{"start":{"line":48,"column":8},"end":{"line":49,"column":77}},{"start":{"line":49,"column":13},"end":{"line":49,"column":77}}],"line":48},"4":{"loc":{"start":{"line":49,"column":13},"end":{"line":49,"column":77}},"type":"if","locations":[{"start":{"line":49,"column":13},"end":{"line":49,"column":77}},{"start":{},"end":{}}],"line":49},"5":{"loc":{"start":{"line":52,"column":8},"end":{"line":53,"column":69}},"type":"if","locations":[{"start":{"line":52,"column":8},"end":{"line":53,"column":69}},{"start":{"line":53,"column":13},"end":{"line":53,"column":69}}],"line":52},"6":{"loc":{"start":{"line":53,"column":13},"end":{"line":53,"column":69}},"type":"if","locations":[{"start":{"line":53,"column":13},"end":{"line":53,"column":69}},{"start":{},"end":{}}],"line":53},"7":{"loc":{"start":{"line":56,"column":8},"end":{"line":56,"column":75}},"type":"if","locations":[{"start":{"line":56,"column":8},"end":{"line":56,"column":75}},{"start":{},"end":{}}],"line":56},"8":{"loc":{"start":{"line":59,"column":8},"end":{"line":59,"column":57}},"type":"if","locations":[{"start":{"line":59,"column":8},"end":{"line":59,"column":57}},{"start":{},"end":{}}],"line":59},"9":{"loc":{"start":{"line":72,"column":4},"end":{"line":84,"column":5}},"type":"if","locations":[{"start":{"line":72,"column":4},"end":{"line":84,"column":5}},{"start":{},"end":{}}],"line":72},"10":{"loc":{"start":{"line":72,"column":8},"end":{"line":72,"column":69}},"type":"binary-expr","locations":[{"start":{"line":72,"column":8},"end":{"line":72,"column":24}},{"start":{"line":72,"column":28},"end":{"line":72,"column":41}},{"start":{"line":72,"column":45},"end":{"line":72,"column":69}}],"line":72},"11":{"loc":{"start":{"line":95,"column":16},"end":{"line":95,"column":98}},"type":"cond-expr","locations":[{"start":{"line":95,"column":71},"end":{"line":95,"column":93}},{"start":{"line":95,"column":96},"end":{"line":95,"column":98}}],"line":95},"12":{"loc":{"start":{"line":95,"column":16},"end":{"line":95,"column":68}},"type":"binary-expr","locations":[{"start":{"line":95,"column":16},"end":{"line":95,"column":38}},{"start":{"line":95,"column":42},"end":{"line":95,"column":68}}],"line":95},"13":{"loc":{"start":{"line":96,"column":13},"end":{"line":96,"column":116}},"type":"cond-expr","locations":[{"start":{"line":96,"column":35},"end":{"line":96,"column":54}},{"start":{"line":96,"column":58},"end":{"line":96,"column":115}}],"line":96},"14":{"loc":{"start":{"line":96,"column":58},"end":{"line":96,"column":115}},"type":"cond-expr","locations":[{"start":{"line":96,"column":88},"end":{"line":96,"column":110}},{"start":{"line":96,"column":113},"end":{"line":96,"column":115}}],"line":96},"15":{"loc":{"start":{"line":97,"column":16},"end":{"line":97,"column":65}},"type":"cond-expr","locations":[{"start":{"line":97,"column":38},"end":{"line":97,"column":60}},{"start":{"line":97,"column":63},"end":{"line":97,"column":65}}],"line":97},"16":{"loc":{"start":{"line":98,"column":23},"end":{"line":98,"column":83}},"type":"cond-expr","locations":[{"start":{"line":98,"column":54},"end":{"line":98,"column":78}},{"start":{"line":98,"column":81},"end":{"line":98,"column":83}}],"line":98},"17":{"loc":{"start":{"line":99,"column":14},"end":{"line":99,"column":62}},"type":"cond-expr","locations":[{"start":{"line":99,"column":37},"end":{"line":99,"column":57}},{"start":{"line":99,"column":60},"end":{"line":99,"column":62}}],"line":99},"18":{"loc":{"start":{"line":105,"column":4},"end":{"line":105,"column":25}},"type":"if","locations":[{"start":{"line":105,"column":4},"end":{"line":105,"column":25}},{"start":{},"end":{}}],"line":105},"19":{"loc":{"start":{"line":114,"column":35},"end":{"line":114,"column":67}},"type":"binary-expr","locations":[{"start":{"line":114,"column":35},"end":{"line":114,"column":48}},{"start":{"line":114,"column":52},"end":{"line":114,"column":67}}],"line":114},"20":{"loc":{"start":{"line":131,"column":18},"end":{"line":131,"column":62}},"type":"cond-expr","locations":[{"start":{"line":131,"column":42},"end":{"line":131,"column":51}},{"start":{"line":131,"column":54},"end":{"line":131,"column":62}}],"line":131},"21":{"loc":{"start":{"line":155,"column":15},"end":{"line":155,"column":91}},"type":"cond-expr","locations":[{"start":{"line":155,"column":33},"end":{"line":155,"column":84}},{"start":{"line":155,"column":87},"end":{"line":155,"column":91}}],"line":155},"22":{"loc":{"start":{"line":170,"column":15},"end":{"line":170,"column":85}},"type":"cond-expr","locations":[{"start":{"line":170,"column":30},"end":{"line":170,"column":78}},{"start":{"line":170,"column":81},"end":{"line":170,"column":85}}],"line":170},"23":{"loc":{"start":{"line":184,"column":15},"end":{"line":184,"column":91}},"type":"cond-expr","locations":[{"start":{"line":184,"column":33},"end":{"line":184,"column":84}},{"start":{"line":184,"column":87},"end":{"line":184,"column":91}}],"line":184},"24":{"loc":{"start":{"line":198,"column":15},"end":{"line":198,"column":105}},"type":"cond-expr","locations":[{"start":{"line":198,"column":40},"end":{"line":198,"column":98}},{"start":{"line":198,"column":101},"end":{"line":198,"column":105}}],"line":198},"25":{"loc":{"start":{"line":211,"column":15},"end":{"line":211,"column":87}},"type":"cond-expr","locations":[{"start":{"line":211,"column":31},"end":{"line":211,"column":80}},{"start":{"line":211,"column":83},"end":{"line":211,"column":87}}],"line":211},"26":{"loc":{"start":{"line":226,"column":15},"end":{"line":232,"column":15}},"type":"binary-expr","locations":[{"start":{"line":226,"column":15},"end":{"line":226,"column":22}},{"start":{"line":227,"column":16},"end":{"line":231,"column":18}}],"line":226},"27":{"loc":{"start":{"line":238,"column":43},"end":{"line":238,"column":86}},"type":"binary-expr","locations":[{"start":{"line":238,"column":43},"end":{"line":238,"column":55}},{"start":{"line":238,"column":59},"end":{"line":238,"column":86}}],"line":238}},"s":{"0":84,"1":84,"2":84,"3":84,"4":84,"5":84,"6":84,"7":84,"8":84,"9":84,"10":43,"11":43,"12":9,"13":3,"14":6,"15":1,"16":9,"17":10,"18":4,"19":6,"20":1,"21":10,"22":8,"23":3,"24":5,"25":1,"26":8,"27":8,"28":1,"29":8,"30":8,"31":3,"32":8,"33":43,"34":43,"35":84,"36":3,"37":3,"38":2,"39":2,"40":2,"41":2,"42":2,"43":84,"44":6,"45":6,"46":6,"47":6,"48":6,"49":6,"50":6,"51":6,"52":22,"53":6,"54":2,"55":4,"56":4,"57":4,"58":2,"59":2,"60":2,"61":2,"62":4,"63":84,"64":2,"65":84,"66":6,"67":84,"68":6,"69":3,"70":7,"71":4,"72":8,"73":2,"74":6,"75":2,"76":6,"77":2,"78":1},"f":{"0":84,"1":43,"2":43,"3":3,"4":6,"5":22,"6":2,"7":6,"8":6,"9":3,"10":7,"11":4,"12":8,"13":2,"14":6,"15":2,"16":6,"17":2},"b":{"0":[9,10,8,8,8],"1":[3,6],"2":[1,5],"3":[4,6],"4":[1,5],"5":[3,5],"6":[1,4],"7":[1,7],"8":[3,5],"9":[2,1],"10":[3,2,2],"11":[2,4],"12":[6,4],"13":[2,4],"14":[0,4],"15":[2,4],"16":[0,6],"17":[2,4],"18":[2,4],"19":[2,1],"20":[84,0],"21":[4,80],"22":[5,79],"23":[4,80],"24":[1,83],"25":[3,81],"26":[84,2],"27":[84,1]},"_coverageSchema":"1a1c01bbd47fc00a2c39e90264f33305004495a9","hash":"e0532024fae8c5dc389ca81b99154afdba14e75c"}
,"C:\\Users\\Goddy\\Desktop\\huddled-p000277se-rmit-capstone\\src\\app\\(home)\\index.tsx": {"path":"C:\\Users\\Goddy\\Desktop\\huddled-p000277se-rmit-capstone\\src\\app\\(home)\\index.tsx","statementMap":{"0":{"start":{"line":21,"column":19},"end":{"line":21,"column":73}},"1":{"start":{"line":21,"column":49},"end":{"line":21,"column":73}},"2":{"start":{"line":22,"column":21},"end":{"line":22,"column":44}},"3":{"start":{"line":22,"column":37},"end":{"line":22,"column":44}},"4":{"start":{"line":25,"column":28},"end":{"line":25,"column":48}},"5":{"start":{"line":26,"column":26},"end":{"line":26,"column":37}},"6":{"start":{"line":27,"column":44},"end":{"line":27,"column":59}},"7":{"start":{"line":28,"column":50},"end":{"line":28,"column":64}},"8":{"start":{"line":29,"column":32},"end":{"line":29,"column":46}},"9":{"start":{"line":31,"column":20},"end":{"line":59,"column":3}},"10":{"start":{"line":32,"column":4},"end":{"line":58,"column":5}},"11":{"start":{"line":35,"column":23},"end":{"line":35,"column":48}},"12":{"start":{"line":38,"column":33},"end":{"line":38,"column":35}},"13":{"start":{"line":39,"column":6},"end":{"line":42,"column":7}},"14":{"start":{"line":41,"column":8},"end":{"line":41,"column":86}},"15":{"start":{"line":44,"column":6},"end":{"line":47,"column":7}},"16":{"start":{"line":45,"column":8},"end":{"line":45,"column":26}},"17":{"start":{"line":46,"column":8},"end":{"line":46,"column":15}},"18":{"start":{"line":49,"column":6},"end":{"line":53,"column":7}},"19":{"start":{"line":50,"column":8},"end":{"line":50,"column":53}},"20":{"start":{"line":50,"column":25},"end":{"line":50,"column":51}},"21":{"start":{"line":52,"column":8},"end":{"line":52,"column":31}},"22":{"start":{"line":55,"column":6},"end":{"line":55,"column":53}},"23":{"start":{"line":57,"column":6},"end":{"line":57,"column":33}},"24":{"start":{"line":61,"column":2},"end":{"line":65,"column":4}},"25":{"start":{"line":63,"column":6},"end":{"line":63,"column":18}},"26":{"start":{"line":67,"column":25},"end":{"line":75,"column":3}},"27":{"start":{"line":68,"column":4},"end":{"line":74,"column":5}},"28":{"start":{"line":69,"column":6},"end":{"line":69,"column":29}},"29":{"start":{"line":70,"column":23},"end":{"line":70,"column":31}},"30":{"start":{"line":71,"column":6},"end":{"line":71,"column":38}},"31":{"start":{"line":72,"column":6},"end":{"line":72,"column":24}},"32":{"start":{"line":73,"column":6},"end":{"line":73,"column":30}},"33":{"start":{"line":77,"column":23},"end":{"line":80,"column":3}},"34":{"start":{"line":78,"column":4},"end":{"line":78,"column":36}},"35":{"start":{"line":78,"column":24},"end":{"line":78,"column":36}},"36":{"start":{"line":79,"column":4},"end":{"line":79,"column":96}},"37":{"start":{"line":83,"column":29},"end":{"line":93,"column":3}},"38":{"start":{"line":84,"column":4},"end":{"line":91,"column":5}},"39":{"start":{"line":85,"column":6},"end":{"line":90,"column":8}},"40":{"start":{"line":92,"column":4},"end":{"line":92,"column":16}},"41":{"start":{"line":95,"column":2},"end":{"line":125,"column":4}},"42":{"start":{"line":116,"column":44},"end":{"line":116,"column":75}},"43":{"start":{"line":128,"column":15},"end":{"line":151,"column":2}}},"fnMap":{"0":{"name":"(anonymous_0)","decl":{"start":{"line":21,"column":19},"end":{"line":21,"column":20}},"loc":{"start":{"line":21,"column":49},"end":{"line":21,"column":73}},"line":21},"1":{"name":"(anonymous_1)","decl":{"start":{"line":22,"column":21},"end":{"line":22,"column":22}},"loc":{"start":{"line":22,"column":37},"end":{"line":22,"column":44}},"line":22},"2":{"name":"HomeScreen","decl":{"start":{"line":24,"column":24},"end":{"line":24,"column":34}},"loc":{"start":{"line":24,"column":37},"end":{"line":126,"column":1}},"line":24},"3":{"name":"(anonymous_3)","decl":{"start":{"line":31,"column":20},"end":{"line":31,"column":21}},"loc":{"start":{"line":31,"column":59},"end":{"line":59,"column":3}},"line":31},"4":{"name":"(anonymous_4)","decl":{"start":{"line":50,"column":17},"end":{"line":50,"column":18}},"loc":{"start":{"line":50,"column":25},"end":{"line":50,"column":51}},"line":50},"5":{"name":"(anonymous_5)","decl":{"start":{"line":62,"column":16},"end":{"line":62,"column":17}},"loc":{"start":{"line":62,"column":22},"end":{"line":64,"column":5}},"line":62},"6":{"name":"(anonymous_6)","decl":{"start":{"line":67,"column":25},"end":{"line":67,"column":26}},"loc":{"start":{"line":67,"column":37},"end":{"line":75,"column":3}},"line":67},"7":{"name":"(anonymous_7)","decl":{"start":{"line":77,"column":23},"end":{"line":77,"column":24}},"loc":{"start":{"line":77,"column":29},"end":{"line":80,"column":3}},"line":77},"8":{"name":"(anonymous_8)","decl":{"start":{"line":83,"column":29},"end":{"line":83,"column":30}},"loc":{"start":{"line":83,"column":35},"end":{"line":93,"column":3}},"line":83},"9":{"name":"(anonymous_9)","decl":{"start":{"line":116,"column":38},"end":{"line":116,"column":39}},"loc":{"start":{"line":116,"column":44},"end":{"line":116,"column":75}},"line":116}},"branchMap":{"0":{"loc":{"start":{"line":31,"column":27},"end":{"line":31,"column":38}},"type":"default-arg","locations":[{"start":{"line":31,"column":37},"end":{"line":31,"column":38}}],"line":31},"1":{"loc":{"start":{"line":31,"column":40},"end":{"line":31,"column":54}},"type":"default-arg","locations":[{"start":{"line":31,"column":49},"end":{"line":31,"column":54}}],"line":31},"2":{"loc":{"start":{"line":39,"column":6},"end":{"line":42,"column":7}},"type":"if","locations":[{"start":{"line":39,"column":6},"end":{"line":42,"column":7}},{"start":{},"end":{}}],"line":39},"3":{"loc":{"start":{"line":41,"column":24},"end":{"line":41,"column":63}},"type":"cond-expr","locations":[{"start":{"line":41,"column":50},"end":{"line":41,"column":58}},{"start":{"line":41,"column":61},"end":{"line":41,"column":63}}],"line":41},"4":{"loc":{"start":{"line":44,"column":6},"end":{"line":47,"column":7}},"type":"if","locations":[{"start":{"line":44,"column":6},"end":{"line":47,"column":7}},{"start":{},"end":{}}],"line":44},"5":{"loc":{"start":{"line":49,"column":6},"end":{"line":53,"column":7}},"type":"if","locations":[{"start":{"line":49,"column":6},"end":{"line":53,"column":7}},{"start":{"line":51,"column":13},"end":{"line":53,"column":7}}],"line":49},"6":{"loc":{"start":{"line":68,"column":4},"end":{"line":74,"column":5}},"type":"if","locations":[{"start":{"line":68,"column":4},"end":{"line":74,"column":5}},{"start":{},"end":{}}],"line":68},"7":{"loc":{"start":{"line":68,"column":8},"end":{"line":68,"column":33}},"type":"binary-expr","locations":[{"start":{"line":68,"column":8},"end":{"line":68,"column":22}},{"start":{"line":68,"column":26},"end":{"line":68,"column":33}}],"line":68},"8":{"loc":{"start":{"line":78,"column":4},"end":{"line":78,"column":36}},"type":"if","locations":[{"start":{"line":78,"column":4},"end":{"line":78,"column":36}},{"start":{},"end":{}}],"line":78},"9":{"loc":{"start":{"line":84,"column":4},"end":{"line":91,"column":5}},"type":"if","locations":[{"start":{"line":84,"column":4},"end":{"line":91,"column":5}},{"start":{},"end":{}}],"line":84},"10":{"loc":{"start":{"line":106,"column":11},"end":{"line":121,"column":11}},"type":"cond-expr","locations":[{"start":{"line":107,"column":12},"end":{"line":107,"column":87}},{"start":{"line":108,"column":14},"end":{"line":121,"column":11}}],"line":106},"11":{"loc":{"start":{"line":108,"column":14},"end":{"line":121,"column":11}},"type":"cond-expr","locations":[{"start":{"line":109,"column":12},"end":{"line":109,"column":72}},{"start":{"line":111,"column":12},"end":{"line":120,"column":14}}],"line":108}},"s":{"0":1,"1":46,"2":1,"3":60,"4":53,"5":52,"6":52,"7":52,"8":52,"9":52,"10":58,"11":58,"12":54,"13":54,"14":54,"15":54,"16":1,"17":1,"18":53,"19":4,"20":4,"21":49,"22":3,"23":57,"24":52,"25":53,"26":52,"27":6,"28":5,"29":5,"30":5,"31":5,"32":5,"33":52,"34":23,"35":18,"36":5,"37":52,"38":52,"39":52,"40":0,"41":52,"42":23,"43":1},"f":{"0":46,"1":60,"2":53,"3":58,"4":4,"5":53,"6":6,"7":23,"8":52,"9":23},"b":{"0":[53],"1":[53],"2":[54,0],"3":[54,0],"4":[1,53],"5":[4,49],"6":[5,1],"7":[6,6],"8":[18,5],"9":[52,0],"10":[14,38],"11":[2,36]},"_coverageSchema":"1a1c01bbd47fc00a2c39e90264f33305004495a9","hash":"304e57a7db30945eb410aae4da8a3cc622e79caf"}
}
