{"C:\\Users\\Goddy\\Desktop\\huddled-p000277se-rmit-capstone\\src\\api\\comment_likes.ts": {"path":"C:\\Users\\Goddy\\Desktop\\huddled-p000277se-rmit-capstone\\src\\api\\comment_likes.ts","statementMap":{"0":{"start":{"line":4,"column":2},"end":{"line":29,"column":3}},"1":{"start":{"line":5,"column":48},"end":{"line":8,"column":35}},"2":{"start":{"line":10,"column":4},"end":{"line":10,"column":37}},"3":{"start":{"line":10,"column":20},"end":{"line":10,"column":37}},"4":{"start":{"line":12,"column":49},"end":{"line":17,"column":20}},"5":{"start":{"line":19,"column":4},"end":{"line":19,"column":35}},"6":{"start":{"line":19,"column":19},"end":{"line":19,"column":35}},"7":{"start":{"line":21,"column":4},"end":{"line":24,"column":6}},"8":{"start":{"line":27,"column":4},"end":{"line":27,"column":40}},"9":{"start":{"line":28,"column":4},"end":{"line":28,"column":39}},"10":{"start":{"line":33,"column":2},"end":{"line":46,"column":3}},"11":{"start":{"line":34,"column":28},"end":{"line":38,"column":8}},"12":{"start":{"line":40,"column":4},"end":{"line":40,"column":27}},"13":{"start":{"line":40,"column":15},"end":{"line":40,"column":27}},"14":{"start":{"line":42,"column":4},"end":{"line":42,"column":16}},"15":{"start":{"line":44,"column":4},"end":{"line":44,"column":25}},"16":{"start":{"line":45,"column":4},"end":{"line":45,"column":17}},"17":{"start":{"line":50,"column":2},"end":{"line":63,"column":3}},"18":{"start":{"line":51,"column":22},"end":{"line":55,"column":29}},"19":{"start":{"line":57,"column":4},"end":{"line":57,"column":27}},"20":{"start":{"line":57,"column":15},"end":{"line":57,"column":27}},"21":{"start":{"line":59,"column":4},"end":{"line":59,"column":16}},"22":{"start":{"line":61,"column":4},"end":{"line":61,"column":25}},"23":{"start":{"line":62,"column":4},"end":{"line":62,"column":17}}},"fnMap":{"0":{"name":"fetchCommentLikeInfo","decl":{"start":{"line":3,"column":22},"end":{"line":3,"column":42}},"loc":{"start":{"line":3,"column":80},"end":{"line":30,"column":1}},"line":3},"1":{"name":"addCommentLike","decl":{"start":{"line":32,"column":22},"end":{"line":32,"column":36}},"loc":{"start":{"line":32,"column":74},"end":{"line":47,"column":1}},"line":32},"2":{"name":"deleteCommentLike","decl":{"start":{"line":49,"column":22},"end":{"line":49,"column":39}},"loc":{"start":{"line":49,"column":77},"end":{"line":64,"column":1}},"line":49}},"branchMap":{"0":{"loc":{"start":{"line":10,"column":4},"end":{"line":10,"column":37}},"type":"if","locations":[{"start":{"line":10,"column":4},"end":{"line":10,"column":37}},{"start":{},"end":{}}],"line":10},"1":{"loc":{"start":{"line":19,"column":4},"end":{"line":19,"column":35}},"type":"if","locations":[{"start":{"line":19,"column":4},"end":{"line":19,"column":35}},{"start":{},"end":{}}],"line":19},"2":{"loc":{"start":{"line":22,"column":13},"end":{"line":22,"column":23}},"type":"binary-expr","locations":[{"start":{"line":22,"column":13},"end":{"line":22,"column":18}},{"start":{"line":22,"column":22},"end":{"line":22,"column":23}}],"line":22},"3":{"loc":{"start":{"line":40,"column":4},"end":{"line":40,"column":27}},"type":"if","locations":[{"start":{"line":40,"column":4},"end":{"line":40,"column":27}},{"start":{},"end":{}}],"line":40},"4":{"loc":{"start":{"line":57,"column":4},"end":{"line":57,"column":27}},"type":"if","locations":[{"start":{"line":57,"column":4},"end":{"line":57,"column":27}},{"start":{},"end":{}}],"line":57}},"s":{"0":7,"1":7,"2":6,"3":1,"4":5,"5":5,"6":1,"7":4,"8":3,"9":3,"10":6,"11":6,"12":5,"13":3,"14":2,"15":4,"16":4,"17":6,"18":6,"19":5,"20":2,"21":3,"22":3,"23":3},"f":{"0":7,"1":6,"2":6},"b":{"0":[1,5],"1":[1,4],"2":[4,0],"3":[3,2],"4":[2,3]},"_coverageSchema":"1a1c01bbd47fc00a2c39e90264f33305004495a9","hash":"6accf01b33a6d9d7d158dfe53ba4c323cb2ec7fe"}
,"C:\\Users\\Goddy\\Desktop\\huddled-p000277se-rmit-capstone\\src\\api\\comments.ts": {"path":"C:\\Users\\Goddy\\Desktop\\huddled-p000277se-rmit-capstone\\src\\api\\comments.ts","statementMap":{"0":{"start":{"line":5,"column":29},"end":{"line":14,"column":1}},"1":{"start":{"line":6,"column":26},"end":{"line":11,"column":13}},"2":{"start":{"line":12,"column":2},"end":{"line":12,"column":25}},"3":{"start":{"line":12,"column":13},"end":{"line":12,"column":25}},"4":{"start":{"line":13,"column":2},"end":{"line":13,"column":14}},"5":{"start":{"line":17,"column":29},"end":{"line":56,"column":1}},"6":{"start":{"line":18,"column":26},"end":{"line":48,"column":46}},"7":{"start":{"line":50,"column":2},"end":{"line":54,"column":3}},"8":{"start":{"line":51,"column":4},"end":{"line":51,"column":50}},"9":{"start":{"line":53,"column":4},"end":{"line":53,"column":55}},"10":{"start":{"line":55,"column":2},"end":{"line":55,"column":22}},"11":{"start":{"line":58,"column":39},"end":{"line":96,"column":1}},"12":{"start":{"line":59,"column":26},"end":{"line":88,"column":46}},"13":{"start":{"line":90,"column":2},"end":{"line":94,"column":3}},"14":{"start":{"line":91,"column":4},"end":{"line":91,"column":50}},"15":{"start":{"line":93,"column":4},"end":{"line":93,"column":55}},"16":{"start":{"line":95,"column":2},"end":{"line":95,"column":22}},"17":{"start":{"line":98,"column":29},"end":{"line":111,"column":1}},"18":{"start":{"line":99,"column":2},"end":{"line":110,"column":3}},"19":{"start":{"line":100,"column":22},"end":{"line":103,"column":27}},"20":{"start":{"line":105,"column":4},"end":{"line":105,"column":27}},"21":{"start":{"line":105,"column":15},"end":{"line":105,"column":27}},"22":{"start":{"line":106,"column":4},"end":{"line":106,"column":16}},"23":{"start":{"line":108,"column":4},"end":{"line":108,"column":52}},"24":{"start":{"line":109,"column":4},"end":{"line":109,"column":16}},"25":{"start":{"line":114,"column":32},"end":{"line":128,"column":1}},"26":{"start":{"line":115,"column":2},"end":{"line":127,"column":3}},"27":{"start":{"line":116,"column":28},"end":{"line":120,"column":20}},"28":{"start":{"line":122,"column":4},"end":{"line":122,"column":27}},"29":{"start":{"line":122,"column":15},"end":{"line":122,"column":27}},"30":{"start":{"line":123,"column":4},"end":{"line":123,"column":44}},"31":{"start":{"line":125,"column":4},"end":{"line":125,"column":63}},"32":{"start":{"line":126,"column":4},"end":{"line":126,"column":17}}},"fnMap":{"0":{"name":"(anonymous_0)","decl":{"start":{"line":5,"column":29},"end":{"line":5,"column":30}},"loc":{"start":{"line":5,"column":62},"end":{"line":14,"column":1}},"line":5},"1":{"name":"(anonymous_1)","decl":{"start":{"line":17,"column":29},"end":{"line":17,"column":30}},"loc":{"start":{"line":17,"column":73},"end":{"line":56,"column":1}},"line":17},"2":{"name":"(anonymous_2)","decl":{"start":{"line":58,"column":39},"end":{"line":58,"column":40}},"loc":{"start":{"line":58,"column":85},"end":{"line":96,"column":1}},"line":58},"3":{"name":"(anonymous_3)","decl":{"start":{"line":98,"column":29},"end":{"line":98,"column":30}},"loc":{"start":{"line":98,"column":59},"end":{"line":111,"column":1}},"line":98},"4":{"name":"(anonymous_4)","decl":{"start":{"line":114,"column":32},"end":{"line":114,"column":33}},"loc":{"start":{"line":114,"column":79},"end":{"line":128,"column":1}},"line":114}},"branchMap":{"0":{"loc":{"start":{"line":12,"column":2},"end":{"line":12,"column":25}},"type":"if","locations":[{"start":{"line":12,"column":2},"end":{"line":12,"column":25}},{"start":{},"end":{}}],"line":12},"1":{"loc":{"start":{"line":50,"column":2},"end":{"line":54,"column":3}},"type":"if","locations":[{"start":{"line":50,"column":2},"end":{"line":54,"column":3}},{"start":{"line":52,"column":9},"end":{"line":54,"column":3}}],"line":50},"2":{"loc":{"start":{"line":55,"column":9},"end":{"line":55,"column":21}},"type":"binary-expr","locations":[{"start":{"line":55,"column":9},"end":{"line":55,"column":13}},{"start":{"line":55,"column":17},"end":{"line":55,"column":21}}],"line":55},"3":{"loc":{"start":{"line":90,"column":2},"end":{"line":94,"column":3}},"type":"if","locations":[{"start":{"line":90,"column":2},"end":{"line":94,"column":3}},{"start":{"line":92,"column":9},"end":{"line":94,"column":3}}],"line":90},"4":{"loc":{"start":{"line":95,"column":9},"end":{"line":95,"column":21}},"type":"binary-expr","locations":[{"start":{"line":95,"column":9},"end":{"line":95,"column":13}},{"start":{"line":95,"column":17},"end":{"line":95,"column":21}}],"line":95},"5":{"loc":{"start":{"line":105,"column":4},"end":{"line":105,"column":27}},"type":"if","locations":[{"start":{"line":105,"column":4},"end":{"line":105,"column":27}},{"start":{},"end":{}}],"line":105},"6":{"loc":{"start":{"line":122,"column":4},"end":{"line":122,"column":27}},"type":"if","locations":[{"start":{"line":122,"column":4},"end":{"line":122,"column":27}},{"start":{},"end":{}}],"line":122},"7":{"loc":{"start":{"line":123,"column":11},"end":{"line":123,"column":43}},"type":"binary-expr","locations":[{"start":{"line":123,"column":11},"end":{"line":123,"column":15}},{"start":{"line":123,"column":19},"end":{"line":123,"column":43}}],"line":123}},"s":{"0":3,"1":4,"2":4,"3":3,"4":1,"5":3,"6":3,"7":3,"8":2,"9":1,"10":3,"11":3,"12":3,"13":3,"14":2,"15":1,"16":3,"17":3,"18":4,"19":4,"20":4,"21":2,"22":2,"23":2,"24":2,"25":3,"26":5,"27":5,"28":5,"29":1,"30":4,"31":1,"32":1},"f":{"0":4,"1":3,"2":3,"3":4,"4":5},"b":{"0":[3,1],"1":[2,1],"2":[3,2],"3":[2,1],"4":[3,2],"5":[2,2],"6":[1,4],"7":[4,3]},"_coverageSchema":"1a1c01bbd47fc00a2c39e90264f33305004495a9","hash":"0ec43cede9a700e8cc3555ffa19d99f24ddfb403"}
,"C:\\Users\\Goddy\\Desktop\\huddled-p000277se-rmit-capstone\\src\\api\\post_likes.ts": {"path":"C:\\Users\\Goddy\\Desktop\\huddled-p000277se-rmit-capstone\\src\\api\\post_likes.ts","statementMap":{"0":{"start":{"line":4,"column":2},"end":{"line":29,"column":3}},"1":{"start":{"line":5,"column":48},"end":{"line":8,"column":29}},"2":{"start":{"line":10,"column":4},"end":{"line":10,"column":37}},"3":{"start":{"line":10,"column":20},"end":{"line":10,"column":37}},"4":{"start":{"line":12,"column":49},"end":{"line":17,"column":20}},"5":{"start":{"line":19,"column":4},"end":{"line":19,"column":35}},"6":{"start":{"line":19,"column":19},"end":{"line":19,"column":35}},"7":{"start":{"line":21,"column":4},"end":{"line":24,"column":6}},"8":{"start":{"line":27,"column":4},"end":{"line":27,"column":40}},"9":{"start":{"line":28,"column":4},"end":{"line":28,"column":39}},"10":{"start":{"line":33,"column":2},"end":{"line":46,"column":3}},"11":{"start":{"line":34,"column":28},"end":{"line":38,"column":8}},"12":{"start":{"line":40,"column":4},"end":{"line":40,"column":27}},"13":{"start":{"line":40,"column":15},"end":{"line":40,"column":27}},"14":{"start":{"line":42,"column":4},"end":{"line":42,"column":16}},"15":{"start":{"line":44,"column":4},"end":{"line":44,"column":25}},"16":{"start":{"line":45,"column":4},"end":{"line":45,"column":17}},"17":{"start":{"line":50,"column":2},"end":{"line":63,"column":3}},"18":{"start":{"line":51,"column":22},"end":{"line":55,"column":29}},"19":{"start":{"line":57,"column":4},"end":{"line":57,"column":27}},"20":{"start":{"line":57,"column":15},"end":{"line":57,"column":27}},"21":{"start":{"line":59,"column":4},"end":{"line":59,"column":16}},"22":{"start":{"line":61,"column":4},"end":{"line":61,"column":25}},"23":{"start":{"line":62,"column":4},"end":{"line":62,"column":17}}},"fnMap":{"0":{"name":"fetchPostLikeInfo","decl":{"start":{"line":3,"column":22},"end":{"line":3,"column":39}},"loc":{"start":{"line":3,"column":74},"end":{"line":30,"column":1}},"line":3},"1":{"name":"addPostLike","decl":{"start":{"line":32,"column":22},"end":{"line":32,"column":33}},"loc":{"start":{"line":32,"column":68},"end":{"line":47,"column":1}},"line":32},"2":{"name":"deletePostLike","decl":{"start":{"line":49,"column":22},"end":{"line":49,"column":36}},"loc":{"start":{"line":49,"column":71},"end":{"line":64,"column":1}},"line":49}},"branchMap":{"0":{"loc":{"start":{"line":10,"column":4},"end":{"line":10,"column":37}},"type":"if","locations":[{"start":{"line":10,"column":4},"end":{"line":10,"column":37}},{"start":{},"end":{}}],"line":10},"1":{"loc":{"start":{"line":19,"column":4},"end":{"line":19,"column":35}},"type":"if","locations":[{"start":{"line":19,"column":4},"end":{"line":19,"column":35}},{"start":{},"end":{}}],"line":19},"2":{"loc":{"start":{"line":22,"column":13},"end":{"line":22,"column":23}},"type":"binary-expr","locations":[{"start":{"line":22,"column":13},"end":{"line":22,"column":18}},{"start":{"line":22,"column":22},"end":{"line":22,"column":23}}],"line":22},"3":{"loc":{"start":{"line":40,"column":4},"end":{"line":40,"column":27}},"type":"if","locations":[{"start":{"line":40,"column":4},"end":{"line":40,"column":27}},{"start":{},"end":{}}],"line":40},"4":{"loc":{"start":{"line":57,"column":4},"end":{"line":57,"column":27}},"type":"if","locations":[{"start":{"line":57,"column":4},"end":{"line":57,"column":27}},{"start":{},"end":{}}],"line":57}},"s":{"0":4,"1":4,"2":4,"3":1,"4":3,"5":3,"6":1,"7":2,"8":2,"9":2,"10":2,"11":2,"12":2,"13":1,"14":1,"15":1,"16":1,"17":2,"18":2,"19":2,"20":1,"21":1,"22":1,"23":1},"f":{"0":4,"1":2,"2":2},"b":{"0":[1,3],"1":[1,2],"2":[2,0],"3":[1,1],"4":[1,1]},"_coverageSchema":"1a1c01bbd47fc00a2c39e90264f33305004495a9","hash":"4ded895ffffbf494fdb0e791185af2d73b90922e"}
,"C:\\Users\\Goddy\\Desktop\\huddled-p000277se-rmit-capstone\\src\\app\\(home)\\create.tsx": {"path":"C:\\Users\\Goddy\\Desktop\\huddled-p000277se-rmit-capstone\\src\\app\\(home)\\create.tsx","statementMap":{"0":{"start":{"line":9,"column":24},"end":{"line":9,"column":25}},"1":{"start":{"line":18,"column":19},"end":{"line":18,"column":22}},"2":{"start":{"line":19,"column":26},"end":{"line":19,"column":38}},"3":{"start":{"line":20,"column":34},"end":{"line":20,"column":63}},"4":{"start":{"line":22,"column":34},"end":{"line":22,"column":63}},"5":{"start":{"line":24,"column":28},"end":{"line":24,"column":89}},"6":{"start":{"line":24,"column":42},"end":{"line":24,"column":76}},"7":{"start":{"line":26,"column":25},"end":{"line":32,"column":3}},"8":{"start":{"line":27,"column":28},"end":{"line":27,"column":57}},"9":{"start":{"line":28,"column":4},"end":{"line":30,"column":5}},"10":{"start":{"line":29,"column":6},"end":{"line":29,"column":47}},"11":{"start":{"line":31,"column":4},"end":{"line":31,"column":24}},"12":{"start":{"line":35,"column":26},"end":{"line":65,"column":3}},"13":{"start":{"line":36,"column":4},"end":{"line":39,"column":5}},"14":{"start":{"line":37,"column":6},"end":{"line":37,"column":85}},"15":{"start":{"line":38,"column":6},"end":{"line":38,"column":13}},"16":{"start":{"line":40,"column":19},"end":{"line":45,"column":6}},"17":{"start":{"line":47,"column":4},"end":{"line":47,"column":48}},"18":{"start":{"line":49,"column":4},"end":{"line":64,"column":5}},"19":{"start":{"line":50,"column":6},"end":{"line":53,"column":7}},"20":{"start":{"line":51,"column":8},"end":{"line":51,"column":87}},"21":{"start":{"line":52,"column":8},"end":{"line":52,"column":15}},"22":{"start":{"line":55,"column":21},"end":{"line":62,"column":27}},"23":{"start":{"line":56,"column":23},"end":{"line":56,"column":67}},"24":{"start":{"line":57,"column":8},"end":{"line":61,"column":10}},"25":{"start":{"line":63,"column":6},"end":{"line":63,"column":50}},"26":{"start":{"line":63,"column":28},"end":{"line":63,"column":48}},"27":{"start":{"line":67,"column":23},"end":{"line":88,"column":3}},"28":{"start":{"line":68,"column":4},"end":{"line":87,"column":5}},"29":{"start":{"line":69,"column":6},"end":{"line":72,"column":7}},"30":{"start":{"line":70,"column":8},"end":{"line":70,"column":69}},"31":{"start":{"line":71,"column":8},"end":{"line":71,"column":14}},"32":{"start":{"line":73,"column":28},"end":{"line":73,"column":50}},"33":{"start":{"line":74,"column":26},"end":{"line":74,"column":67}},"34":{"start":{"line":74,"column":57},"end":{"line":74,"column":66}},"35":{"start":{"line":75,"column":23},"end":{"line":75,"column":83}},"36":{"start":{"line":76,"column":6},"end":{"line":76,"column":60}},"37":{"start":{"line":77,"column":6},"end":{"line":79,"column":7}},"38":{"start":{"line":78,"column":8},"end":{"line":78,"column":57}},"39":{"start":{"line":80,"column":6},"end":{"line":80,"column":42}},"40":{"start":{"line":82,"column":6},"end":{"line":82,"column":59}},"41":{"start":{"line":83,"column":6},"end":{"line":83,"column":18}},"42":{"start":{"line":85,"column":6},"end":{"line":85,"column":51}},"43":{"start":{"line":86,"column":6},"end":{"line":86,"column":53}},"44":{"start":{"line":90,"column":22},"end":{"line":92,"column":3}},"45":{"start":{"line":91,"column":4},"end":{"line":91,"column":66}},"46":{"start":{"line":91,"column":26},"end":{"line":91,"column":64}},"47":{"start":{"line":91,"column":50},"end":{"line":91,"column":63}},"48":{"start":{"line":94,"column":2},"end":{"line":187,"column":4}},"49":{"start":{"line":112,"column":14},"end":{"line":112,"column":59}},"50":{"start":{"line":112,"column":44},"end":{"line":112,"column":59}},"51":{"start":{"line":143,"column":14},"end":{"line":159,"column":16}},"52":{"start":{"line":154,"column":35},"end":{"line":154,"column":51}},"53":{"start":{"line":190,"column":15},"end":{"line":292,"column":2}}},"fnMap":{"0":{"name":"CreatePostScreen","decl":{"start":{"line":17,"column":24},"end":{"line":17,"column":40}},"loc":{"start":{"line":17,"column":43},"end":{"line":188,"column":1}},"line":17},"1":{"name":"(anonymous_1)","decl":{"start":{"line":24,"column":36},"end":{"line":24,"column":37}},"loc":{"start":{"line":24,"column":42},"end":{"line":24,"column":76}},"line":24},"2":{"name":"(anonymous_2)","decl":{"start":{"line":26,"column":25},"end":{"line":26,"column":26}},"loc":{"start":{"line":26,"column":37},"end":{"line":32,"column":3}},"line":26},"3":{"name":"(anonymous_3)","decl":{"start":{"line":35,"column":26},"end":{"line":35,"column":27}},"loc":{"start":{"line":35,"column":38},"end":{"line":65,"column":3}},"line":35},"4":{"name":"(anonymous_4)","decl":{"start":{"line":55,"column":39},"end":{"line":55,"column":40}},"loc":{"start":{"line":55,"column":55},"end":{"line":62,"column":7}},"line":55},"5":{"name":"(anonymous_5)","decl":{"start":{"line":63,"column":18},"end":{"line":63,"column":19}},"loc":{"start":{"line":63,"column":28},"end":{"line":63,"column":48}},"line":63},"6":{"name":"(anonymous_6)","decl":{"start":{"line":67,"column":23},"end":{"line":67,"column":24}},"loc":{"start":{"line":67,"column":35},"end":{"line":88,"column":3}},"line":67},"7":{"name":"(anonymous_7)","decl":{"start":{"line":74,"column":47},"end":{"line":74,"column":48}},"loc":{"start":{"line":74,"column":57},"end":{"line":74,"column":66}},"line":74},"8":{"name":"(anonymous_8)","decl":{"start":{"line":90,"column":22},"end":{"line":90,"column":23}},"loc":{"start":{"line":90,"column":41},"end":{"line":92,"column":3}},"line":90},"9":{"name":"(anonymous_9)","decl":{"start":{"line":91,"column":16},"end":{"line":91,"column":17}},"loc":{"start":{"line":91,"column":26},"end":{"line":91,"column":64}},"line":91},"10":{"name":"(anonymous_10)","decl":{"start":{"line":91,"column":38},"end":{"line":91,"column":39}},"loc":{"start":{"line":91,"column":50},"end":{"line":91,"column":63}},"line":91},"11":{"name":"(anonymous_11)","decl":{"start":{"line":111,"column":26},"end":{"line":111,"column":27}},"loc":{"start":{"line":111,"column":37},"end":{"line":113,"column":13}},"line":111},"12":{"name":"(anonymous_12)","decl":{"start":{"line":142,"column":33},"end":{"line":142,"column":34}},"loc":{"start":{"line":142,"column":48},"end":{"line":160,"column":13}},"line":142},"13":{"name":"(anonymous_13)","decl":{"start":{"line":154,"column":29},"end":{"line":154,"column":30}},"loc":{"start":{"line":154,"column":35},"end":{"line":154,"column":51}},"line":154}},"branchMap":{"0":{"loc":{"start":{"line":28,"column":4},"end":{"line":30,"column":5}},"type":"if","locations":[{"start":{"line":28,"column":4},"end":{"line":30,"column":5}},{"start":{},"end":{}}],"line":28},"1":{"loc":{"start":{"line":28,"column":8},"end":{"line":28,"column":32}},"type":"binary-expr","locations":[{"start":{"line":28,"column":8},"end":{"line":28,"column":13}},{"start":{"line":28,"column":17},"end":{"line":28,"column":32}}],"line":28},"2":{"loc":{"start":{"line":36,"column":4},"end":{"line":39,"column":5}},"type":"if","locations":[{"start":{"line":36,"column":4},"end":{"line":39,"column":5}},{"start":{},"end":{}}],"line":36},"3":{"loc":{"start":{"line":49,"column":4},"end":{"line":64,"column":5}},"type":"if","locations":[{"start":{"line":49,"column":4},"end":{"line":64,"column":5}},{"start":{},"end":{}}],"line":49},"4":{"loc":{"start":{"line":49,"column":8},"end":{"line":49,"column":69}},"type":"binary-expr","locations":[{"start":{"line":49,"column":8},"end":{"line":49,"column":24}},{"start":{"line":49,"column":28},"end":{"line":49,"column":41}},{"start":{"line":49,"column":45},"end":{"line":49,"column":69}}],"line":49},"5":{"loc":{"start":{"line":50,"column":6},"end":{"line":53,"column":7}},"type":"if","locations":[{"start":{"line":50,"column":6},"end":{"line":53,"column":7}},{"start":{},"end":{}}],"line":50},"6":{"loc":{"start":{"line":56,"column":24},"end":{"line":56,"column":49}},"type":"binary-expr","locations":[{"start":{"line":56,"column":24},"end":{"line":56,"column":38}},{"start":{"line":56,"column":42},"end":{"line":56,"column":49}}],"line":56},"7":{"loc":{"start":{"line":69,"column":6},"end":{"line":72,"column":7}},"type":"if","locations":[{"start":{"line":69,"column":6},"end":{"line":72,"column":7}},{"start":{},"end":{}}],"line":69},"8":{"loc":{"start":{"line":69,"column":10},"end":{"line":69,"column":53}},"type":"binary-expr","locations":[{"start":{"line":69,"column":10},"end":{"line":69,"column":28}},{"start":{"line":69,"column":32},"end":{"line":69,"column":53}}],"line":69},"9":{"loc":{"start":{"line":74,"column":27},"end":{"line":74,"column":41}},"type":"binary-expr","locations":[{"start":{"line":74,"column":27},"end":{"line":74,"column":35}},{"start":{"line":74,"column":39},"end":{"line":74,"column":41}}],"line":74},"10":{"loc":{"start":{"line":77,"column":6},"end":{"line":79,"column":7}},"type":"if","locations":[{"start":{"line":77,"column":6},"end":{"line":79,"column":7}},{"start":{},"end":{}}],"line":77},"11":{"loc":{"start":{"line":77,"column":10},"end":{"line":77,"column":38}},"type":"binary-expr","locations":[{"start":{"line":77,"column":10},"end":{"line":77,"column":26}},{"start":{"line":77,"column":30},"end":{"line":77,"column":38}}],"line":77},"12":{"loc":{"start":{"line":112,"column":14},"end":{"line":112,"column":59}},"type":"if","locations":[{"start":{"line":112,"column":14},"end":{"line":112,"column":59}},{"start":{},"end":{}}],"line":112},"13":{"loc":{"start":{"line":117,"column":44},"end":{"line":117,"column":87}},"type":"binary-expr","locations":[{"start":{"line":117,"column":44},"end":{"line":117,"column":67}},{"start":{"line":117,"column":71},"end":{"line":117,"column":87}}],"line":117},"14":{"loc":{"start":{"line":142,"column":13},"end":{"line":142,"column":27}},"type":"binary-expr","locations":[{"start":{"line":142,"column":13},"end":{"line":142,"column":21}},{"start":{"line":142,"column":25},"end":{"line":142,"column":27}}],"line":142}},"s":{"0":1,"1":22,"2":22,"3":22,"4":22,"5":22,"6":15,"7":22,"8":3,"9":3,"10":0,"11":3,"12":22,"13":5,"14":0,"15":0,"16":5,"17":5,"18":5,"19":5,"20":1,"21":1,"22":4,"23":8,"24":8,"25":4,"26":4,"27":22,"28":4,"29":4,"30":1,"31":1,"32":3,"33":3,"34":1,"35":3,"36":2,"37":2,"38":1,"39":2,"40":2,"41":2,"42":1,"43":1,"44":22,"45":1,"46":1,"47":2,"48":22,"49":6,"50":5,"51":11,"52":1,"53":1},"f":{"0":22,"1":15,"2":3,"3":5,"4":8,"5":4,"6":4,"7":1,"8":1,"9":1,"10":2,"11":6,"12":11,"13":1},"b":{"0":[0,3],"1":[3,3],"2":[0,5],"3":[5,0],"4":[5,5,5],"5":[1,4],"6":[8,0],"7":[1,3],"8":[4,1],"9":[3,0],"10":[1,1],"11":[2,1],"12":[5,1],"13":[22,1],"14":[22,0]},"_coverageSchema":"1a1c01bbd47fc00a2c39e90264f33305004495a9","hash":"206d52ced052a80f3fe14d948ca1adecb9cbe472"}
,"C:\\Users\\Goddy\\Desktop\\huddled-p000277se-rmit-capstone\\src\\components\\Pfp.tsx": {"path":"C:\\Users\\Goddy\\Desktop\\huddled-p000277se-rmit-capstone\\src\\components\\Pfp.tsx","statementMap":{"0":{"start":{"line":13,"column":19},"end":{"line":63,"column":1}},"1":{"start":{"line":14,"column":30},"end":{"line":14,"column":59}},"2":{"start":{"line":16,"column":2},"end":{"line":35,"column":14}},"3":{"start":{"line":17,"column":21},"end":{"line":25,"column":5}},"4":{"start":{"line":18,"column":6},"end":{"line":24,"column":7}},"5":{"start":{"line":19,"column":20},"end":{"line":19,"column":44}},"6":{"start":{"line":20,"column":8},"end":{"line":20,"column":23}},"7":{"start":{"line":21,"column":8},"end":{"line":21,"column":49}},"8":{"start":{"line":23,"column":8},"end":{"line":23,"column":67}},"9":{"start":{"line":27,"column":4},"end":{"line":27,"column":15}},"10":{"start":{"line":30,"column":4},"end":{"line":34,"column":6}},"11":{"start":{"line":31,"column":6},"end":{"line":33,"column":7}},"12":{"start":{"line":32,"column":8},"end":{"line":32,"column":36}},"13":{"start":{"line":37,"column":2},"end":{"line":62,"column":3}},"14":{"start":{"line":39,"column":4},"end":{"line":46,"column":6}},"15":{"start":{"line":49,"column":4},"end":{"line":61,"column":6}}},"fnMap":{"0":{"name":"(anonymous_0)","decl":{"start":{"line":13,"column":19},"end":{"line":13,"column":20}},"loc":{"start":{"line":13,"column":68},"end":{"line":63,"column":1}},"line":13},"1":{"name":"(anonymous_1)","decl":{"start":{"line":16,"column":12},"end":{"line":16,"column":13}},"loc":{"start":{"line":16,"column":18},"end":{"line":35,"column":3}},"line":16},"2":{"name":"(anonymous_2)","decl":{"start":{"line":17,"column":21},"end":{"line":17,"column":22}},"loc":{"start":{"line":17,"column":33},"end":{"line":25,"column":5}},"line":17},"3":{"name":"(anonymous_3)","decl":{"start":{"line":30,"column":11},"end":{"line":30,"column":12}},"loc":{"start":{"line":30,"column":17},"end":{"line":34,"column":5}},"line":30}},"branchMap":{"0":{"loc":{"start":{"line":13,"column":42},"end":{"line":13,"column":51}},"type":"default-arg","locations":[{"start":{"line":13,"column":49},"end":{"line":13,"column":51}}],"line":13},"1":{"loc":{"start":{"line":31,"column":6},"end":{"line":33,"column":7}},"type":"if","locations":[{"start":{"line":31,"column":6},"end":{"line":33,"column":7}},{"start":{},"end":{}}],"line":31},"2":{"loc":{"start":{"line":37,"column":2},"end":{"line":62,"column":3}},"type":"if","locations":[{"start":{"line":37,"column":2},"end":{"line":62,"column":3}},{"start":{"line":47,"column":9},"end":{"line":62,"column":3}}],"line":37},"3":{"loc":{"start":{"line":37,"column":6},"end":{"line":37,"column":36}},"type":"binary-expr","locations":[{"start":{"line":37,"column":6},"end":{"line":37,"column":12}},{"start":{"line":37,"column":16},"end":{"line":37,"column":36}}],"line":37},"4":{"loc":{"start":{"line":41,"column":14},"end":{"line":41,"column":24}},"type":"binary-expr","locations":[{"start":{"line":41,"column":14},"end":{"line":41,"column":18}},{"start":{"line":41,"column":22},"end":{"line":41,"column":24}}],"line":41},"5":{"loc":{"start":{"line":51,"column":14},"end":{"line":51,"column":24}},"type":"binary-expr","locations":[{"start":{"line":51,"column":14},"end":{"line":51,"column":18}},{"start":{"line":51,"column":22},"end":{"line":51,"column":24}}],"line":51}},"s":{"0":1,"1":43,"2":43,"3":17,"4":17,"5":17,"6":0,"7":0,"8":17,"9":17,"10":17,"11":17,"12":0,"13":43,"14":0,"15":43},"f":{"0":43,"1":17,"2":17,"3":17},"b":{"0":[36],"1":[0,17],"2":[0,43],"3":[43,0],"4":[0,0],"5":[43,0]},"_coverageSchema":"1a1c01bbd47fc00a2c39e90264f33305004495a9","hash":"6006fe47a1ac6f318940e8ed035f09247fa773fb"}
,"C:\\Users\\Goddy\\Desktop\\huddled-p000277se-rmit-capstone\\src\\components\\PostCard.tsx": {"path":"C:\\Users\\Goddy\\Desktop\\huddled-p000277se-rmit-capstone\\src\\components\\PostCard.tsx","statementMap":{"0":{"start":{"line":19,"column":19},"end":{"line":30,"column":1}},"1":{"start":{"line":20,"column":19},"end":{"line":20,"column":37}},"2":{"start":{"line":21,"column":14},"end":{"line":21,"column":24}},"3":{"start":{"line":22,"column":17},"end":{"line":22,"column":51}},"4":{"start":{"line":23,"column":22},"end":{"line":23,"column":54}},"5":{"start":{"line":24,"column":2},"end":{"line":24,"column":41}},"6":{"start":{"line":24,"column":23},"end":{"line":24,"column":41}},"7":{"start":{"line":25,"column":2},"end":{"line":25,"column":83}},"8":{"start":{"line":25,"column":24},"end":{"line":25,"column":83}},"9":{"start":{"line":26,"column":20},"end":{"line":26,"column":48}},"10":{"start":{"line":27,"column":2},"end":{"line":27,"column":78}},"11":{"start":{"line":27,"column":22},"end":{"line":27,"column":78}},"12":{"start":{"line":28,"column":19},"end":{"line":28,"column":45}},"13":{"start":{"line":29,"column":2},"end":{"line":29,"column":55}},"14":{"start":{"line":32,"column":17},"end":{"line":366,"column":1}},"15":{"start":{"line":33,"column":42},"end":{"line":33,"column":64}},"16":{"start":{"line":34,"column":28},"end":{"line":34,"column":66}},"17":{"start":{"line":35,"column":28},"end":{"line":35,"column":64}},"18":{"start":{"line":36,"column":34},"end":{"line":36,"column":55}},"19":{"start":{"line":37,"column":40},"end":{"line":37,"column":52}},"20":{"start":{"line":38,"column":36},"end":{"line":38,"column":48}},"21":{"start":{"line":39,"column":38},"end":{"line":39,"column":67}},"22":{"start":{"line":40,"column":42},"end":{"line":40,"column":57}},"23":{"start":{"line":42,"column":19},"end":{"line":42,"column":28}},"24":{"start":{"line":44,"column":40},"end":{"line":44,"column":50}},"25":{"start":{"line":46,"column":19},"end":{"line":46,"column":39}},"26":{"start":{"line":48,"column":23},"end":{"line":53,"column":17}},"27":{"start":{"line":49,"column":4},"end":{"line":51,"column":5}},"28":{"start":{"line":50,"column":6},"end":{"line":50,"column":16}},"29":{"start":{"line":52,"column":4},"end":{"line":52,"column":32}},"30":{"start":{"line":55,"column":2},"end":{"line":72,"column":30}},"31":{"start":{"line":56,"column":27},"end":{"line":70,"column":5}},"32":{"start":{"line":57,"column":6},"end":{"line":69,"column":7}},"33":{"start":{"line":58,"column":8},"end":{"line":60,"column":9}},"34":{"start":{"line":59,"column":10},"end":{"line":59,"column":17}},"35":{"start":{"line":61,"column":8},"end":{"line":66,"column":9}},"36":{"start":{"line":62,"column":22},"end":{"line":62,"column":80}},"37":{"start":{"line":63,"column":10},"end":{"line":63,"column":31}},"38":{"start":{"line":65,"column":10},"end":{"line":65,"column":40}},"39":{"start":{"line":68,"column":8},"end":{"line":68,"column":62}},"40":{"start":{"line":71,"column":4},"end":{"line":71,"column":21}},"41":{"start":{"line":74,"column":31},"end":{"line":83,"column":3}},"42":{"start":{"line":75,"column":4},"end":{"line":82,"column":5}},"43":{"start":{"line":76,"column":18},"end":{"line":76,"column":62}},"44":{"start":{"line":77,"column":6},"end":{"line":79,"column":7}},"45":{"start":{"line":78,"column":8},"end":{"line":78,"column":47}},"46":{"start":{"line":81,"column":6},"end":{"line":81,"column":55}},"47":{"start":{"line":85,"column":25},"end":{"line":95,"column":3}},"48":{"start":{"line":86,"column":4},"end":{"line":94,"column":5}},"49":{"start":{"line":87,"column":18},"end":{"line":87,"column":66}},"50":{"start":{"line":88,"column":6},"end":{"line":91,"column":7}},"51":{"start":{"line":89,"column":8},"end":{"line":89,"column":28}},"52":{"start":{"line":90,"column":8},"end":{"line":90,"column":29}},"53":{"start":{"line":93,"column":6},"end":{"line":93,"column":52}},"54":{"start":{"line":97,"column":25},"end":{"line":107,"column":3}},"55":{"start":{"line":98,"column":28},"end":{"line":105,"column":6}},"56":{"start":{"line":99,"column":6},"end":{"line":103,"column":7}},"57":{"start":{"line":100,"column":8},"end":{"line":100,"column":50}},"58":{"start":{"line":101,"column":13},"end":{"line":103,"column":7}},"59":{"start":{"line":102,"column":8},"end":{"line":102,"column":100}},"60":{"start":{"line":104,"column":6},"end":{"line":104,"column":21}},"61":{"start":{"line":106,"column":4},"end":{"line":106,"column":26}},"62":{"start":{"line":109,"column":34},"end":{"line":121,"column":3}},"63":{"start":{"line":110,"column":4},"end":{"line":120,"column":5}},"64":{"start":{"line":111,"column":18},"end":{"line":111,"column":73}},"65":{"start":{"line":112,"column":6},"end":{"line":117,"column":7}},"66":{"start":{"line":113,"column":8},"end":{"line":116,"column":10}},"67":{"start":{"line":114,"column":10},"end":{"line":114,"column":75}},"68":{"start":{"line":119,"column":6},"end":{"line":119,"column":55}},"69":{"start":{"line":123,"column":2},"end":{"line":125,"column":16}},"70":{"start":{"line":124,"column":4},"end":{"line":124,"column":27}},"71":{"start":{"line":127,"column":21},"end":{"line":137,"column":3}},"72":{"start":{"line":128,"column":14},"end":{"line":128,"column":19}},"73":{"start":{"line":129,"column":4},"end":{"line":133,"column":5}},"74":{"start":{"line":130,"column":6},"end":{"line":130,"column":58}},"75":{"start":{"line":132,"column":6},"end":{"line":132,"column":55}},"76":{"start":{"line":134,"column":4},"end":{"line":136,"column":5}},"77":{"start":{"line":135,"column":6},"end":{"line":135,"column":29}},"78":{"start":{"line":139,"column":28},"end":{"line":151,"column":3}},"79":{"start":{"line":140,"column":4},"end":{"line":150,"column":5}},"80":{"start":{"line":141,"column":40},"end":{"line":145,"column":7}},"81":{"start":{"line":146,"column":6},"end":{"line":146,"column":38}},"82":{"start":{"line":147,"column":6},"end":{"line":147,"column":29}},"83":{"start":{"line":148,"column":6},"end":{"line":148,"column":25}},"84":{"start":{"line":149,"column":6},"end":{"line":149,"column":47}},"85":{"start":{"line":149,"column":25},"end":{"line":149,"column":47}},"86":{"start":{"line":153,"column":28},"end":{"line":168,"column":3}},"87":{"start":{"line":154,"column":30},"end":{"line":154,"column":34}},"88":{"start":{"line":155,"column":14},"end":{"line":155,"column":19}},"89":{"start":{"line":156,"column":4},"end":{"line":160,"column":5}},"90":{"start":{"line":157,"column":6},"end":{"line":157,"column":56}},"91":{"start":{"line":159,"column":6},"end":{"line":159,"column":53}},"92":{"start":{"line":161,"column":4},"end":{"line":167,"column":5}},"93":{"start":{"line":162,"column":6},"end":{"line":166,"column":7}},"94":{"start":{"line":163,"column":8},"end":{"line":163,"column":49}},"95":{"start":{"line":165,"column":8},"end":{"line":165,"column":37}},"96":{"start":{"line":170,"column":28},"end":{"line":172,"column":3}},"97":{"start":{"line":171,"column":4},"end":{"line":171,"column":49}},"98":{"start":{"line":174,"column":26},"end":{"line":190,"column":3}},"99":{"start":{"line":175,"column":4},"end":{"line":189,"column":5}},"100":{"start":{"line":176,"column":38},"end":{"line":181,"column":7}},"101":{"start":{"line":182,"column":6},"end":{"line":184,"column":7}},"102":{"start":{"line":183,"column":8},"end":{"line":183,"column":34}},"103":{"start":{"line":185,"column":6},"end":{"line":185,"column":36}},"104":{"start":{"line":186,"column":6},"end":{"line":186,"column":46}},"105":{"start":{"line":187,"column":6},"end":{"line":187,"column":23}},"106":{"start":{"line":188,"column":6},"end":{"line":188,"column":26}},"107":{"start":{"line":192,"column":28},"end":{"line":201,"column":3}},"108":{"start":{"line":193,"column":4},"end":{"line":200,"column":7}},"109":{"start":{"line":194,"column":6},"end":{"line":198,"column":7}},"110":{"start":{"line":195,"column":8},"end":{"line":195,"column":83}},"111":{"start":{"line":196,"column":13},"end":{"line":198,"column":7}},"112":{"start":{"line":197,"column":8},"end":{"line":197,"column":105}},"113":{"start":{"line":199,"column":6},"end":{"line":199,"column":21}},"114":{"start":{"line":203,"column":27},"end":{"line":203,"column":82}},"115":{"start":{"line":203,"column":41},"end":{"line":203,"column":67}},"116":{"start":{"line":205,"column":24},"end":{"line":286,"column":3}},"117":{"start":{"line":206,"column":4},"end":{"line":206,"column":31}},"118":{"start":{"line":206,"column":19},"end":{"line":206,"column":31}},"119":{"start":{"line":208,"column":4},"end":{"line":285,"column":7}},"120":{"start":{"line":210,"column":20},"end":{"line":210,"column":47}},"121":{"start":{"line":212,"column":20},"end":{"line":212,"column":47}},"122":{"start":{"line":213,"column":20},"end":{"line":213,"column":49}},"123":{"start":{"line":216,"column":8},"end":{"line":261,"column":15}},"124":{"start":{"line":219,"column":88},"end":{"line":219,"column":119}},"125":{"start":{"line":228,"column":14},"end":{"line":228,"column":48}},"126":{"start":{"line":236,"column":83},"end":{"line":236,"column":110}},"127":{"start":{"line":253,"column":90},"end":{"line":253,"column":122}},"128":{"start":{"line":265,"column":8},"end":{"line":276,"column":15}},"129":{"start":{"line":279,"column":6},"end":{"line":284,"column":18}},"130":{"start":{"line":288,"column":2},"end":{"line":365,"column":4}},"131":{"start":{"line":308,"column":14},"end":{"line":318,"column":16}},"132":{"start":{"line":337,"column":73},"end":{"line":337,"column":103}},"133":{"start":{"line":337,"column":97},"end":{"line":337,"column":102}},"134":{"start":{"line":370,"column":15},"end":{"line":573,"column":2}}},"fnMap":{"0":{"name":"(anonymous_0)","decl":{"start":{"line":19,"column":19},"end":{"line":19,"column":20}},"loc":{"start":{"line":19,"column":39},"end":{"line":30,"column":1}},"line":19},"1":{"name":"(anonymous_1)","decl":{"start":{"line":32,"column":17},"end":{"line":32,"column":18}},"loc":{"start":{"line":32,"column":46},"end":{"line":366,"column":1}},"line":32},"2":{"name":"(anonymous_2)","decl":{"start":{"line":48,"column":31},"end":{"line":48,"column":32}},"loc":{"start":{"line":48,"column":37},"end":{"line":53,"column":3}},"line":48},"3":{"name":"(anonymous_3)","decl":{"start":{"line":55,"column":12},"end":{"line":55,"column":13}},"loc":{"start":{"line":55,"column":18},"end":{"line":72,"column":3}},"line":55},"4":{"name":"(anonymous_4)","decl":{"start":{"line":56,"column":27},"end":{"line":56,"column":28}},"loc":{"start":{"line":56,"column":39},"end":{"line":70,"column":5}},"line":56},"5":{"name":"(anonymous_5)","decl":{"start":{"line":74,"column":31},"end":{"line":74,"column":32}},"loc":{"start":{"line":74,"column":43},"end":{"line":83,"column":3}},"line":74},"6":{"name":"(anonymous_6)","decl":{"start":{"line":85,"column":25},"end":{"line":85,"column":26}},"loc":{"start":{"line":85,"column":37},"end":{"line":95,"column":3}},"line":85},"7":{"name":"(anonymous_7)","decl":{"start":{"line":97,"column":25},"end":{"line":97,"column":26}},"loc":{"start":{"line":97,"column":97},"end":{"line":107,"column":3}},"line":97},"8":{"name":"(anonymous_8)","decl":{"start":{"line":98,"column":44},"end":{"line":98,"column":45}},"loc":{"start":{"line":98,"column":64},"end":{"line":105,"column":5}},"line":98},"9":{"name":"(anonymous_9)","decl":{"start":{"line":109,"column":34},"end":{"line":109,"column":35}},"loc":{"start":{"line":109,"column":62},"end":{"line":121,"column":3}},"line":109},"10":{"name":"(anonymous_10)","decl":{"start":{"line":113,"column":20},"end":{"line":113,"column":21}},"loc":{"start":{"line":113,"column":28},"end":{"line":115,"column":9}},"line":113},"11":{"name":"(anonymous_11)","decl":{"start":{"line":123,"column":12},"end":{"line":123,"column":13}},"loc":{"start":{"line":123,"column":18},"end":{"line":125,"column":3}},"line":123},"12":{"name":"(anonymous_12)","decl":{"start":{"line":127,"column":21},"end":{"line":127,"column":22}},"loc":{"start":{"line":127,"column":33},"end":{"line":137,"column":3}},"line":127},"13":{"name":"(anonymous_13)","decl":{"start":{"line":139,"column":28},"end":{"line":139,"column":29}},"loc":{"start":{"line":139,"column":40},"end":{"line":151,"column":3}},"line":139},"14":{"name":"(anonymous_14)","decl":{"start":{"line":153,"column":28},"end":{"line":153,"column":29}},"loc":{"start":{"line":153,"column":67},"end":{"line":168,"column":3}},"line":153},"15":{"name":"(anonymous_15)","decl":{"start":{"line":170,"column":28},"end":{"line":170,"column":29}},"loc":{"start":{"line":170,"column":44},"end":{"line":172,"column":3}},"line":170},"16":{"name":"(anonymous_16)","decl":{"start":{"line":174,"column":26},"end":{"line":174,"column":27}},"loc":{"start":{"line":174,"column":68},"end":{"line":190,"column":3}},"line":174},"17":{"name":"(anonymous_17)","decl":{"start":{"line":192,"column":28},"end":{"line":192,"column":29}},"loc":{"start":{"line":192,"column":93},"end":{"line":201,"column":3}},"line":192},"18":{"name":"(anonymous_18)","decl":{"start":{"line":193,"column":20},"end":{"line":193,"column":21}},"loc":{"start":{"line":193,"column":31},"end":{"line":200,"column":5}},"line":193},"19":{"name":"(anonymous_19)","decl":{"start":{"line":203,"column":35},"end":{"line":203,"column":36}},"loc":{"start":{"line":203,"column":41},"end":{"line":203,"column":67}},"line":203},"20":{"name":"(anonymous_20)","decl":{"start":{"line":205,"column":24},"end":{"line":205,"column":25}},"loc":{"start":{"line":205,"column":57},"end":{"line":286,"column":3}},"line":205},"21":{"name":"(anonymous_21)","decl":{"start":{"line":208,"column":23},"end":{"line":208,"column":24}},"loc":{"start":{"line":208,"column":34},"end":{"line":285,"column":5}},"line":208},"22":{"name":"(anonymous_22)","decl":{"start":{"line":219,"column":82},"end":{"line":219,"column":83}},"loc":{"start":{"line":219,"column":88},"end":{"line":219,"column":119}},"line":219},"23":{"name":"(anonymous_23)","decl":{"start":{"line":227,"column":84},"end":{"line":227,"column":85}},"loc":{"start":{"line":227,"column":90},"end":{"line":229,"column":13}},"line":227},"24":{"name":"(anonymous_24)","decl":{"start":{"line":236,"column":77},"end":{"line":236,"column":78}},"loc":{"start":{"line":236,"column":83},"end":{"line":236,"column":110}},"line":236},"25":{"name":"(anonymous_25)","decl":{"start":{"line":253,"column":84},"end":{"line":253,"column":85}},"loc":{"start":{"line":253,"column":90},"end":{"line":253,"column":122}},"line":253},"26":{"name":"(anonymous_26)","decl":{"start":{"line":307,"column":38},"end":{"line":307,"column":39}},"loc":{"start":{"line":307,"column":54},"end":{"line":319,"column":13}},"line":307},"27":{"name":"(anonymous_27)","decl":{"start":{"line":337,"column":67},"end":{"line":337,"column":68}},"loc":{"start":{"line":337,"column":73},"end":{"line":337,"column":103}},"line":337},"28":{"name":"(anonymous_28)","decl":{"start":{"line":337,"column":89},"end":{"line":337,"column":90}},"loc":{"start":{"line":337,"column":97},"end":{"line":337,"column":102}},"line":337}},"branchMap":{"0":{"loc":{"start":{"line":24,"column":2},"end":{"line":24,"column":41}},"type":"if","locations":[{"start":{"line":24,"column":2},"end":{"line":24,"column":41}},{"start":{},"end":{}}],"line":24},"1":{"loc":{"start":{"line":25,"column":2},"end":{"line":25,"column":83}},"type":"if","locations":[{"start":{"line":25,"column":2},"end":{"line":25,"column":83}},{"start":{},"end":{}}],"line":25},"2":{"loc":{"start":{"line":25,"column":52},"end":{"line":25,"column":80}},"type":"cond-expr","locations":[{"start":{"line":25,"column":72},"end":{"line":25,"column":74}},{"start":{"line":25,"column":77},"end":{"line":25,"column":80}}],"line":25},"3":{"loc":{"start":{"line":27,"column":2},"end":{"line":27,"column":78}},"type":"if","locations":[{"start":{"line":27,"column":2},"end":{"line":27,"column":78}},{"start":{},"end":{}}],"line":27},"4":{"loc":{"start":{"line":27,"column":49},"end":{"line":27,"column":75}},"type":"cond-expr","locations":[{"start":{"line":27,"column":67},"end":{"line":27,"column":69}},{"start":{"line":27,"column":72},"end":{"line":27,"column":75}}],"line":27},"5":{"loc":{"start":{"line":29,"column":27},"end":{"line":29,"column":52}},"type":"cond-expr","locations":[{"start":{"line":29,"column":44},"end":{"line":29,"column":46}},{"start":{"line":29,"column":49},"end":{"line":29,"column":52}}],"line":29},"6":{"loc":{"start":{"line":34,"column":40},"end":{"line":34,"column":64}},"type":"binary-expr","locations":[{"start":{"line":34,"column":40},"end":{"line":34,"column":59}},{"start":{"line":34,"column":63},"end":{"line":34,"column":64}}],"line":34},"7":{"loc":{"start":{"line":35,"column":37},"end":{"line":35,"column":63}},"type":"binary-expr","locations":[{"start":{"line":35,"column":37},"end":{"line":35,"column":58}},{"start":{"line":35,"column":62},"end":{"line":35,"column":63}}],"line":35},"8":{"loc":{"start":{"line":44,"column":40},"end":{"line":44,"column":50}},"type":"binary-expr","locations":[{"start":{"line":44,"column":40},"end":{"line":44,"column":44}},{"start":{"line":44,"column":48},"end":{"line":44,"column":50}}],"line":44},"9":{"loc":{"start":{"line":49,"column":4},"end":{"line":51,"column":5}},"type":"if","locations":[{"start":{"line":49,"column":4},"end":{"line":51,"column":5}},{"start":{},"end":{}}],"line":49},"10":{"loc":{"start":{"line":49,"column":8},"end":{"line":49,"column":45}},"type":"binary-expr","locations":[{"start":{"line":49,"column":8},"end":{"line":49,"column":18}},{"start":{"line":49,"column":22},"end":{"line":49,"column":45}}],"line":49},"11":{"loc":{"start":{"line":58,"column":8},"end":{"line":60,"column":9}},"type":"if","locations":[{"start":{"line":58,"column":8},"end":{"line":60,"column":9}},{"start":{},"end":{}}],"line":58},"12":{"loc":{"start":{"line":61,"column":8},"end":{"line":66,"column":9}},"type":"if","locations":[{"start":{"line":61,"column":8},"end":{"line":66,"column":9}},{"start":{"line":64,"column":15},"end":{"line":66,"column":9}}],"line":61},"13":{"loc":{"start":{"line":76,"column":47},"end":{"line":76,"column":61}},"type":"binary-expr","locations":[{"start":{"line":76,"column":47},"end":{"line":76,"column":55}},{"start":{"line":76,"column":59},"end":{"line":76,"column":61}}],"line":76},"14":{"loc":{"start":{"line":77,"column":6},"end":{"line":79,"column":7}},"type":"if","locations":[{"start":{"line":77,"column":6},"end":{"line":79,"column":7}},{"start":{},"end":{}}],"line":77},"15":{"loc":{"start":{"line":87,"column":51},"end":{"line":87,"column":65}},"type":"binary-expr","locations":[{"start":{"line":87,"column":51},"end":{"line":87,"column":59}},{"start":{"line":87,"column":63},"end":{"line":87,"column":65}}],"line":87},"16":{"loc":{"start":{"line":88,"column":6},"end":{"line":91,"column":7}},"type":"if","locations":[{"start":{"line":88,"column":6},"end":{"line":91,"column":7}},{"start":{},"end":{}}],"line":88},"17":{"loc":{"start":{"line":99,"column":6},"end":{"line":103,"column":7}},"type":"if","locations":[{"start":{"line":99,"column":6},"end":{"line":103,"column":7}},{"start":{"line":101,"column":13},"end":{"line":103,"column":7}}],"line":99},"18":{"loc":{"start":{"line":101,"column":13},"end":{"line":103,"column":7}},"type":"if","locations":[{"start":{"line":101,"column":13},"end":{"line":103,"column":7}},{"start":{},"end":{}}],"line":101},"19":{"loc":{"start":{"line":101,"column":18},"end":{"line":101,"column":40}},"type":"binary-expr","locations":[{"start":{"line":101,"column":18},"end":{"line":101,"column":34}},{"start":{"line":101,"column":38},"end":{"line":101,"column":40}}],"line":101},"20":{"loc":{"start":{"line":102,"column":54},"end":{"line":102,"column":76}},"type":"binary-expr","locations":[{"start":{"line":102,"column":54},"end":{"line":102,"column":70}},{"start":{"line":102,"column":74},"end":{"line":102,"column":76}}],"line":102},"21":{"loc":{"start":{"line":111,"column":58},"end":{"line":111,"column":72}},"type":"binary-expr","locations":[{"start":{"line":111,"column":58},"end":{"line":111,"column":66}},{"start":{"line":111,"column":70},"end":{"line":111,"column":72}}],"line":111},"22":{"loc":{"start":{"line":112,"column":6},"end":{"line":117,"column":7}},"type":"if","locations":[{"start":{"line":112,"column":6},"end":{"line":117,"column":7}},{"start":{},"end":{}}],"line":112},"23":{"loc":{"start":{"line":129,"column":4},"end":{"line":133,"column":5}},"type":"if","locations":[{"start":{"line":129,"column":4},"end":{"line":133,"column":5}},{"start":{"line":131,"column":11},"end":{"line":133,"column":5}}],"line":129},"24":{"loc":{"start":{"line":130,"column":42},"end":{"line":130,"column":56}},"type":"binary-expr","locations":[{"start":{"line":130,"column":42},"end":{"line":130,"column":50}},{"start":{"line":130,"column":54},"end":{"line":130,"column":56}}],"line":130},"25":{"loc":{"start":{"line":132,"column":39},"end":{"line":132,"column":53}},"type":"binary-expr","locations":[{"start":{"line":132,"column":39},"end":{"line":132,"column":47}},{"start":{"line":132,"column":51},"end":{"line":132,"column":53}}],"line":132},"26":{"loc":{"start":{"line":134,"column":4},"end":{"line":136,"column":5}},"type":"if","locations":[{"start":{"line":134,"column":4},"end":{"line":136,"column":5}},{"start":{},"end":{}}],"line":134},"27":{"loc":{"start":{"line":140,"column":4},"end":{"line":150,"column":5}},"type":"if","locations":[{"start":{"line":140,"column":4},"end":{"line":150,"column":5}},{"start":{},"end":{}}],"line":140},"28":{"loc":{"start":{"line":142,"column":17},"end":{"line":142,"column":31}},"type":"binary-expr","locations":[{"start":{"line":142,"column":17},"end":{"line":142,"column":25}},{"start":{"line":142,"column":29},"end":{"line":142,"column":31}}],"line":142},"29":{"loc":{"start":{"line":149,"column":6},"end":{"line":149,"column":47}},"type":"if","locations":[{"start":{"line":149,"column":6},"end":{"line":149,"column":47}},{"start":{},"end":{}}],"line":149},"30":{"loc":{"start":{"line":156,"column":4},"end":{"line":160,"column":5}},"type":"if","locations":[{"start":{"line":156,"column":4},"end":{"line":160,"column":5}},{"start":{"line":158,"column":11},"end":{"line":160,"column":5}}],"line":156},"31":{"loc":{"start":{"line":157,"column":40},"end":{"line":157,"column":54}},"type":"binary-expr","locations":[{"start":{"line":157,"column":40},"end":{"line":157,"column":48}},{"start":{"line":157,"column":52},"end":{"line":157,"column":54}}],"line":157},"32":{"loc":{"start":{"line":159,"column":37},"end":{"line":159,"column":51}},"type":"binary-expr","locations":[{"start":{"line":159,"column":37},"end":{"line":159,"column":45}},{"start":{"line":159,"column":49},"end":{"line":159,"column":51}}],"line":159},"33":{"loc":{"start":{"line":161,"column":4},"end":{"line":167,"column":5}},"type":"if","locations":[{"start":{"line":161,"column":4},"end":{"line":167,"column":5}},{"start":{},"end":{}}],"line":161},"34":{"loc":{"start":{"line":162,"column":6},"end":{"line":166,"column":7}},"type":"if","locations":[{"start":{"line":162,"column":6},"end":{"line":166,"column":7}},{"start":{"line":164,"column":13},"end":{"line":166,"column":7}}],"line":162},"35":{"loc":{"start":{"line":171,"column":18},"end":{"line":171,"column":47}},"type":"cond-expr","locations":[{"start":{"line":171,"column":38},"end":{"line":171,"column":42}},{"start":{"line":171,"column":45},"end":{"line":171,"column":47}}],"line":171},"36":{"loc":{"start":{"line":175,"column":4},"end":{"line":189,"column":5}},"type":"if","locations":[{"start":{"line":175,"column":4},"end":{"line":189,"column":5}},{"start":{},"end":{}}],"line":175},"37":{"loc":{"start":{"line":178,"column":17},"end":{"line":178,"column":31}},"type":"binary-expr","locations":[{"start":{"line":178,"column":17},"end":{"line":178,"column":25}},{"start":{"line":178,"column":29},"end":{"line":178,"column":31}}],"line":178},"38":{"loc":{"start":{"line":182,"column":6},"end":{"line":184,"column":7}},"type":"if","locations":[{"start":{"line":182,"column":6},"end":{"line":184,"column":7}},{"start":{},"end":{}}],"line":182},"39":{"loc":{"start":{"line":194,"column":6},"end":{"line":198,"column":7}},"type":"if","locations":[{"start":{"line":194,"column":6},"end":{"line":198,"column":7}},{"start":{"line":196,"column":13},"end":{"line":198,"column":7}}],"line":194},"40":{"loc":{"start":{"line":195,"column":44},"end":{"line":195,"column":66}},"type":"binary-expr","locations":[{"start":{"line":195,"column":44},"end":{"line":195,"column":60}},{"start":{"line":195,"column":64},"end":{"line":195,"column":66}}],"line":195},"41":{"loc":{"start":{"line":196,"column":13},"end":{"line":198,"column":7}},"type":"if","locations":[{"start":{"line":196,"column":13},"end":{"line":198,"column":7}},{"start":{},"end":{}}],"line":196},"42":{"loc":{"start":{"line":196,"column":18},"end":{"line":196,"column":40}},"type":"binary-expr","locations":[{"start":{"line":196,"column":18},"end":{"line":196,"column":34}},{"start":{"line":196,"column":38},"end":{"line":196,"column":40}}],"line":196},"43":{"loc":{"start":{"line":197,"column":57},"end":{"line":197,"column":79}},"type":"binary-expr","locations":[{"start":{"line":197,"column":57},"end":{"line":197,"column":73}},{"start":{"line":197,"column":77},"end":{"line":197,"column":79}}],"line":197},"44":{"loc":{"start":{"line":203,"column":41},"end":{"line":203,"column":67}},"type":"binary-expr","locations":[{"start":{"line":203,"column":41},"end":{"line":203,"column":62}},{"start":{"line":203,"column":66},"end":{"line":203,"column":67}}],"line":203},"45":{"loc":{"start":{"line":205,"column":43},"end":{"line":205,"column":52}},"type":"default-arg","locations":[{"start":{"line":205,"column":51},"end":{"line":205,"column":52}}],"line":205},"46":{"loc":{"start":{"line":206,"column":4},"end":{"line":206,"column":31}},"type":"if","locations":[{"start":{"line":206,"column":4},"end":{"line":206,"column":31}},{"start":{},"end":{}}],"line":206},"47":{"loc":{"start":{"line":210,"column":20},"end":{"line":210,"column":47}},"type":"binary-expr","locations":[{"start":{"line":210,"column":20},"end":{"line":210,"column":42}},{"start":{"line":210,"column":46},"end":{"line":210,"column":47}}],"line":210},"48":{"loc":{"start":{"line":212,"column":20},"end":{"line":212,"column":47}},"type":"binary-expr","locations":[{"start":{"line":212,"column":20},"end":{"line":212,"column":42}},{"start":{"line":212,"column":46},"end":{"line":212,"column":47}}],"line":212},"49":{"loc":{"start":{"line":213,"column":23},"end":{"line":213,"column":48}},"type":"binary-expr","locations":[{"start":{"line":213,"column":23},"end":{"line":213,"column":43}},{"start":{"line":213,"column":47},"end":{"line":213,"column":48}}],"line":213},"50":{"loc":{"start":{"line":216,"column":21},"end":{"line":216,"column":74}},"type":"cond-expr","locations":[{"start":{"line":216,"column":33},"end":{"line":216,"column":51}},{"start":{"line":216,"column":54},"end":{"line":216,"column":74}}],"line":216},"51":{"loc":{"start":{"line":221,"column":22},"end":{"line":221,"column":60}},"type":"cond-expr","locations":[{"start":{"line":221,"column":30},"end":{"line":221,"column":40}},{"start":{"line":221,"column":43},"end":{"line":221,"column":60}}],"line":221},"52":{"loc":{"start":{"line":223,"column":23},"end":{"line":223,"column":49}},"type":"cond-expr","locations":[{"start":{"line":223,"column":31},"end":{"line":223,"column":40}},{"start":{"line":223,"column":43},"end":{"line":223,"column":49}}],"line":223},"53":{"loc":{"start":{"line":230,"column":64},"end":{"line":230,"column":101}},"type":"cond-expr","locations":[{"start":{"line":230,"column":76},"end":{"line":230,"column":85}},{"start":{"line":230,"column":88},"end":{"line":230,"column":101}}],"line":230},"54":{"loc":{"start":{"line":231,"column":75},"end":{"line":231,"column":105}},"type":"cond-expr","locations":[{"start":{"line":231,"column":87},"end":{"line":231,"column":96}},{"start":{"line":231,"column":99},"end":{"line":231,"column":105}}],"line":231},"55":{"loc":{"start":{"line":232,"column":60},"end":{"line":232,"column":90}},"type":"cond-expr","locations":[{"start":{"line":232,"column":72},"end":{"line":232,"column":81}},{"start":{"line":232,"column":84},"end":{"line":232,"column":90}}],"line":232},"56":{"loc":{"start":{"line":235,"column":13},"end":{"line":239,"column":13}},"type":"binary-expr","locations":[{"start":{"line":235,"column":13},"end":{"line":235,"column":22}},{"start":{"line":236,"column":14},"end":{"line":238,"column":33}}],"line":235},"57":{"loc":{"start":{"line":242,"column":11},"end":{"line":258,"column":11}},"type":"binary-expr","locations":[{"start":{"line":242,"column":11},"end":{"line":242,"column":34}},{"start":{"line":243,"column":12},"end":{"line":257,"column":19}}],"line":242},"58":{"loc":{"start":{"line":252,"column":15},"end":{"line":256,"column":15}},"type":"binary-expr","locations":[{"start":{"line":252,"column":15},"end":{"line":252,"column":42}},{"start":{"line":253,"column":16},"end":{"line":255,"column":35}}],"line":252},"59":{"loc":{"start":{"line":260,"column":25},"end":{"line":260,"column":45}},"type":"binary-expr","locations":[{"start":{"line":260,"column":25},"end":{"line":260,"column":39}},{"start":{"line":260,"column":43},"end":{"line":260,"column":45}}],"line":260},"60":{"loc":{"start":{"line":265,"column":54},"end":{"line":265,"column":101}},"type":"cond-expr","locations":[{"start":{"line":265,"column":66},"end":{"line":265,"column":81}},{"start":{"line":265,"column":84},"end":{"line":265,"column":101}}],"line":265},"61":{"loc":{"start":{"line":266,"column":22},"end":{"line":266,"column":45}},"type":"binary-expr","locations":[{"start":{"line":266,"column":22},"end":{"line":266,"column":39}},{"start":{"line":266,"column":43},"end":{"line":266,"column":45}}],"line":266},"62":{"loc":{"start":{"line":266,"column":53},"end":{"line":266,"column":79}},"type":"binary-expr","locations":[{"start":{"line":266,"column":53},"end":{"line":266,"column":73}},{"start":{"line":266,"column":77},"end":{"line":266,"column":79}}],"line":266},"63":{"loc":{"start":{"line":266,"column":87},"end":{"line":266,"column":113}},"type":"cond-expr","locations":[{"start":{"line":266,"column":99},"end":{"line":266,"column":101}},{"start":{"line":266,"column":104},"end":{"line":266,"column":113}}],"line":266},"64":{"loc":{"start":{"line":271,"column":11},"end":{"line":275,"column":11}},"type":"cond-expr","locations":[{"start":{"line":271,"column":23},"end":{"line":271,"column":29}},{"start":{"line":272,"column":12},"end":{"line":274,"column":19}}],"line":271},"65":{"loc":{"start":{"line":279,"column":13},"end":{"line":284,"column":17}},"type":"cond-expr","locations":[{"start":{"line":280,"column":8},"end":{"line":283,"column":15}},{"start":{"line":284,"column":10},"end":{"line":284,"column":17}}],"line":279},"66":{"loc":{"start":{"line":305,"column":9},"end":{"line":321,"column":9}},"type":"binary-expr","locations":[{"start":{"line":305,"column":9},"end":{"line":305,"column":32}},{"start":{"line":306,"column":10},"end":{"line":320,"column":17}}],"line":305},"67":{"loc":{"start":{"line":307,"column":14},"end":{"line":307,"column":32}},"type":"binary-expr","locations":[{"start":{"line":307,"column":14},"end":{"line":307,"column":26}},{"start":{"line":307,"column":30},"end":{"line":307,"column":32}}],"line":307},"68":{"loc":{"start":{"line":312,"column":27},"end":{"line":312,"column":152}},"type":"cond-expr","locations":[{"start":{"line":312,"column":51},"end":{"line":312,"column":56}},{"start":{"line":312,"column":59},"end":{"line":312,"column":152}}],"line":312},"69":{"loc":{"start":{"line":326,"column":117},"end":{"line":326,"column":150}},"type":"cond-expr","locations":[{"start":{"line":326,"column":125},"end":{"line":326,"column":134}},{"start":{"line":326,"column":137},"end":{"line":326,"column":150}}],"line":326},"70":{"loc":{"start":{"line":327,"column":31},"end":{"line":327,"column":69}},"type":"cond-expr","locations":[{"start":{"line":327,"column":39},"end":{"line":327,"column":49}},{"start":{"line":327,"column":52},"end":{"line":327,"column":69}}],"line":327},"71":{"loc":{"start":{"line":327,"column":88},"end":{"line":327,"column":114}},"type":"cond-expr","locations":[{"start":{"line":327,"column":96},"end":{"line":327,"column":105}},{"start":{"line":327,"column":108},"end":{"line":327,"column":114}}],"line":327},"72":{"loc":{"start":{"line":328,"column":54},"end":{"line":328,"column":80}},"type":"cond-expr","locations":[{"start":{"line":328,"column":62},"end":{"line":328,"column":71}},{"start":{"line":328,"column":74},"end":{"line":328,"column":80}}],"line":328},"73":{"loc":{"start":{"line":331,"column":58},"end":{"line":331,"column":106}},"type":"cond-expr","locations":[{"start":{"line":331,"column":81},"end":{"line":331,"column":90}},{"start":{"line":331,"column":93},"end":{"line":331,"column":106}}],"line":331},"74":{"loc":{"start":{"line":332,"column":69},"end":{"line":332,"column":110}},"type":"cond-expr","locations":[{"start":{"line":332,"column":92},"end":{"line":332,"column":101}},{"start":{"line":332,"column":104},"end":{"line":332,"column":110}}],"line":332},"75":{"loc":{"start":{"line":333,"column":54},"end":{"line":333,"column":95}},"type":"cond-expr","locations":[{"start":{"line":333,"column":77},"end":{"line":333,"column":86}},{"start":{"line":333,"column":89},"end":{"line":333,"column":95}}],"line":333},"76":{"loc":{"start":{"line":336,"column":9},"end":{"line":342,"column":9}},"type":"binary-expr","locations":[{"start":{"line":336,"column":9},"end":{"line":336,"column":29}},{"start":{"line":337,"column":10},"end":{"line":341,"column":29}}],"line":336},"77":{"loc":{"start":{"line":339,"column":15},"end":{"line":339,"column":62}},"type":"cond-expr","locations":[{"start":{"line":339,"column":30},"end":{"line":339,"column":40}},{"start":{"line":339,"column":43},"end":{"line":339,"column":62}}],"line":339},"78":{"loc":{"start":{"line":346,"column":7},"end":{"line":346,"column":46}},"type":"binary-expr","locations":[{"start":{"line":346,"column":7},"end":{"line":346,"column":19}},{"start":{"line":346,"column":23},"end":{"line":346,"column":46}}],"line":346},"79":{"loc":{"start":{"line":358,"column":9},"end":{"line":362,"column":9}},"type":"binary-expr","locations":[{"start":{"line":358,"column":9},"end":{"line":358,"column":38}},{"start":{"line":359,"column":10},"end":{"line":361,"column":29}}],"line":358}},"s":{"0":1,"1":30,"2":30,"3":30,"4":30,"5":30,"6":30,"7":0,"8":0,"9":0,"10":0,"11":0,"12":0,"13":0,"14":1,"15":30,"16":30,"17":30,"18":30,"19":30,"20":30,"21":30,"22":30,"23":30,"24":30,"25":30,"26":30,"27":9,"28":1,"29":8,"30":30,"31":9,"32":9,"33":9,"34":1,"35":8,"36":8,"37":8,"38":0,"39":0,"40":9,"41":30,"42":11,"43":11,"44":11,"45":11,"46":0,"47":30,"48":2,"49":2,"50":2,"51":2,"52":2,"53":0,"54":30,"55":1,"56":1,"57":1,"58":0,"59":0,"60":0,"61":1,"62":30,"63":1,"64":1,"65":1,"66":1,"67":1,"68":0,"69":30,"70":9,"71":30,"72":2,"73":2,"74":1,"75":1,"76":2,"77":2,"78":30,"79":1,"80":1,"81":1,"82":1,"83":1,"84":1,"85":1,"86":30,"87":1,"88":1,"89":1,"90":0,"91":1,"92":1,"93":1,"94":0,"95":1,"96":30,"97":1,"98":30,"99":1,"100":1,"101":1,"102":1,"103":1,"104":1,"105":1,"106":1,"107":30,"108":0,"109":0,"110":0,"111":0,"112":0,"113":0,"114":30,"115":9,"116":30,"117":24,"118":0,"119":24,"120":16,"121":16,"122":16,"123":16,"124":1,"125":0,"126":1,"127":1,"128":16,"129":16,"130":30,"131":40,"132":4,"133":4,"134":1},"f":{"0":30,"1":30,"2":9,"3":9,"4":9,"5":11,"6":2,"7":1,"8":1,"9":1,"10":1,"11":9,"12":2,"13":1,"14":1,"15":1,"16":1,"17":0,"18":0,"19":9,"20":24,"21":16,"22":1,"23":0,"24":1,"25":1,"26":40,"27":4,"28":4},"b":{"0":[30,0],"1":[0,0],"2":[0,0],"3":[0,0],"4":[0,0],"5":[0,0],"6":[30,0],"7":[30,0],"8":[30,0],"9":[1,8],"10":[9,8],"11":[1,8],"12":[8,0],"13":[11,0],"14":[11,0],"15":[2,0],"16":[2,0],"17":[1,0],"18":[0,0],"19":[0,0],"20":[0,0],"21":[1,0],"22":[1,0],"23":[1,1],"24":[1,0],"25":[1,0],"26":[2,0],"27":[1,0],"28":[1,0],"29":[1,0],"30":[0,1],"31":[0,0],"32":[1,0],"33":[1,0],"34":[0,1],"35":[0,1],"36":[1,0],"37":[1,0],"38":[1,0],"39":[0,0],"40":[0,0],"41":[0,0],"42":[0,0],"43":[0,0],"44":[9,0],"45":[8],"46":[0,24],"47":[16,8],"48":[16,0],"49":[16,0],"50":[8,8],"51":[0,16],"52":[0,16],"53":[8,8],"54":[8,8],"55":[8,8],"56":[16,16],"57":[16,2],"58":[2,1],"59":[16,8],"60":[8,8],"61":[16,0],"62":[16,0],"63":[8,8],"64":[8,8],"65":[8,8],"66":[30,20],"67":[20,0],"68":[40,0],"69":[4,26],"70":[4,26],"71":[4,26],"72":[4,26],"73":[30,0],"74":[30,0],"75":[30,0],"76":[30,30],"77":[8,22],"78":[30,8],"79":[30,1]},"_coverageSchema":"1a1c01bbd47fc00a2c39e90264f33305004495a9","hash":"4bf62d5b7ed7ec1cac06bc4b5d6817fad909e0ab"}
,"C:\\Users\\Goddy\\Desktop\\huddled-p000277se-rmit-capstone\\src\\context\\AuthContext.tsx": {"path":"C:\\Users\\Goddy\\Desktop\\huddled-p000277se-rmit-capstone\\src\\context\\AuthContext.tsx","statementMap":{"0":{"start":{"line":17,"column":20},"end":{"line":17,"column":106}},"1":{"start":{"line":19,"column":28},"end":{"line":62,"column":1}},"2":{"start":{"line":20,"column":26},"end":{"line":20,"column":53}},"3":{"start":{"line":21,"column":36},"end":{"line":21,"column":50}},"4":{"start":{"line":23,"column":2},"end":{"line":48,"column":9}},"5":{"start":{"line":25,"column":22},"end":{"line":31,"column":5}},"6":{"start":{"line":26,"column":36},"end":{"line":26,"column":68}},"7":{"start":{"line":27,"column":6},"end":{"line":29,"column":7}},"8":{"start":{"line":28,"column":8},"end":{"line":28,"column":30}},"9":{"start":{"line":30,"column":6},"end":{"line":30,"column":26}},"10":{"start":{"line":33,"column":4},"end":{"line":33,"column":16}},"11":{"start":{"line":36,"column":35},"end":{"line":42,"column":6}},"12":{"start":{"line":37,"column":6},"end":{"line":41,"column":7}},"13":{"start":{"line":38,"column":8},"end":{"line":38,"column":39}},"14":{"start":{"line":39,"column":13},"end":{"line":41,"column":7}},"15":{"start":{"line":40,"column":8},"end":{"line":40,"column":22}},"16":{"start":{"line":45,"column":4},"end":{"line":47,"column":6}},"17":{"start":{"line":46,"column":6},"end":{"line":46,"column":47}},"18":{"start":{"line":50,"column":18},"end":{"line":53,"column":3}},"19":{"start":{"line":51,"column":4},"end":{"line":51,"column":34}},"20":{"start":{"line":52,"column":4},"end":{"line":52,"column":18}},"21":{"start":{"line":55,"column":16},"end":{"line":55,"column":80}},"22":{"start":{"line":55,"column":31},"end":{"line":55,"column":59}},"23":{"start":{"line":57,"column":2},"end":{"line":61,"column":4}},"24":{"start":{"line":64,"column":23},"end":{"line":70,"column":1}},"25":{"start":{"line":65,"column":18},"end":{"line":65,"column":41}},"26":{"start":{"line":66,"column":2},"end":{"line":68,"column":3}},"27":{"start":{"line":67,"column":4},"end":{"line":67,"column":67}},"28":{"start":{"line":69,"column":2},"end":{"line":69,"column":17}}},"fnMap":{"0":{"name":"(anonymous_0)","decl":{"start":{"line":17,"column":90},"end":{"line":17,"column":91}},"loc":{"start":{"line":17,"column":102},"end":{"line":17,"column":104}},"line":17},"1":{"name":"(anonymous_1)","decl":{"start":{"line":19,"column":28},"end":{"line":19,"column":29}},"loc":{"start":{"line":19,"column":71},"end":{"line":62,"column":1}},"line":19},"2":{"name":"(anonymous_2)","decl":{"start":{"line":23,"column":12},"end":{"line":23,"column":13}},"loc":{"start":{"line":23,"column":18},"end":{"line":48,"column":3}},"line":23},"3":{"name":"(anonymous_3)","decl":{"start":{"line":25,"column":22},"end":{"line":25,"column":23}},"loc":{"start":{"line":25,"column":34},"end":{"line":31,"column":5}},"line":25},"4":{"name":"(anonymous_4)","decl":{"start":{"line":36,"column":67},"end":{"line":36,"column":68}},"loc":{"start":{"line":36,"column":87},"end":{"line":42,"column":5}},"line":36},"5":{"name":"(anonymous_5)","decl":{"start":{"line":45,"column":11},"end":{"line":45,"column":12}},"loc":{"start":{"line":45,"column":17},"end":{"line":47,"column":5}},"line":45},"6":{"name":"(anonymous_6)","decl":{"start":{"line":50,"column":18},"end":{"line":50,"column":19}},"loc":{"start":{"line":50,"column":30},"end":{"line":53,"column":3}},"line":50},"7":{"name":"(anonymous_7)","decl":{"start":{"line":55,"column":24},"end":{"line":55,"column":25}},"loc":{"start":{"line":55,"column":31},"end":{"line":55,"column":59}},"line":55},"8":{"name":"(anonymous_8)","decl":{"start":{"line":64,"column":23},"end":{"line":64,"column":24}},"loc":{"start":{"line":64,"column":29},"end":{"line":70,"column":1}},"line":64}},"branchMap":{"0":{"loc":{"start":{"line":27,"column":6},"end":{"line":29,"column":7}},"type":"if","locations":[{"start":{"line":27,"column":6},"end":{"line":29,"column":7}},{"start":{},"end":{}}],"line":27},"1":{"loc":{"start":{"line":37,"column":6},"end":{"line":41,"column":7}},"type":"if","locations":[{"start":{"line":37,"column":6},"end":{"line":41,"column":7}},{"start":{"line":39,"column":13},"end":{"line":41,"column":7}}],"line":37},"2":{"loc":{"start":{"line":38,"column":16},"end":{"line":38,"column":37}},"type":"binary-expr","locations":[{"start":{"line":38,"column":16},"end":{"line":38,"column":29}},{"start":{"line":38,"column":33},"end":{"line":38,"column":37}}],"line":38},"3":{"loc":{"start":{"line":39,"column":13},"end":{"line":41,"column":7}},"type":"if","locations":[{"start":{"line":39,"column":13},"end":{"line":41,"column":7}},{"start":{},"end":{}}],"line":39},"4":{"loc":{"start":{"line":59,"column":7},"end":{"line":59,"column":51}},"type":"cond-expr","locations":[{"start":{"line":59,"column":20},"end":{"line":59,"column":28}},{"start":{"line":59,"column":31},"end":{"line":59,"column":51}}],"line":59},"5":{"loc":{"start":{"line":66,"column":2},"end":{"line":68,"column":3}},"type":"if","locations":[{"start":{"line":66,"column":2},"end":{"line":68,"column":3}},{"start":{},"end":{}}],"line":66}},"s":{"0":1,"1":1,"2":0,"3":0,"4":0,"5":0,"6":0,"7":0,"8":0,"9":0,"10":0,"11":0,"12":0,"13":0,"14":0,"15":0,"16":0,"17":0,"18":0,"19":0,"20":0,"21":0,"22":0,"23":0,"24":1,"25":0,"26":0,"27":0,"28":0},"f":{"0":0,"1":0,"2":0,"3":0,"4":0,"5":0,"6":0,"7":0,"8":0},"b":{"0":[0,0],"1":[0,0],"2":[0,0],"3":[0,0],"4":[0,0],"5":[0,0]},"_coverageSchema":"1a1c01bbd47fc00a2c39e90264f33305004495a9","hash":"e49212572ed473a6fbeca1aafb4392b75b72bb5c"}
}
