TN:
SF:src\api\comment_likes.ts
FN:3,fetchCommentLikeInfo
FN:32,addCommentLike
FN:49,deleteCommentLike
FNF:3
FNH:3
FNDA:7,fetchCommentLikeInfo
FNDA:6,addCommentLike
FNDA:6,deleteCommentLike
DA:4,7
DA:5,7
DA:10,6
DA:12,5
DA:19,5
DA:21,4
DA:27,3
DA:28,3
DA:33,6
DA:34,6
DA:40,5
DA:42,2
DA:44,4
DA:45,4
DA:50,6
DA:51,6
DA:57,5
DA:59,3
DA:61,3
DA:62,3
LF:20
LH:20
BRDA:10,0,0,1
BRDA:10,0,1,5
BRDA:19,1,0,1
BRDA:19,1,1,4
BRDA:22,2,0,4
BRDA:22,2,1,0
BRDA:40,3,0,3
BRDA:40,3,1,2
BRDA:57,4,0,2
BRDA:57,4,1,3
BRF:10
BRH:9
end_of_record
TN:
SF:src\api\comments.ts
FN:5,(anonymous_0)
FN:17,(anonymous_1)
FN:58,(anonymous_2)
FN:98,(anonymous_3)
FN:114,(anonymous_4)
FNF:5
FNH:5
FNDA:4,(anonymous_0)
FNDA:3,(anonymous_1)
FNDA:3,(anonymous_2)
FNDA:4,(anonymous_3)
FNDA:5,(anonymous_4)
DA:5,3
DA:6,4
DA:12,4
DA:13,1
DA:17,3
DA:18,3
DA:50,3
DA:51,2
DA:53,1
DA:55,3
DA:58,3
DA:59,3
DA:90,3
DA:91,2
DA:93,1
DA:95,3
DA:98,3
DA:99,4
DA:100,4
DA:105,4
DA:106,2
DA:108,2
DA:109,2
DA:114,3
DA:115,5
DA:116,5
DA:122,5
DA:123,4
DA:125,1
DA:126,1
LF:30
LH:30
BRDA:12,0,0,3
BRDA:12,0,1,1
BRDA:50,1,0,2
BRDA:50,1,1,1
BRDA:55,2,0,3
BRDA:55,2,1,2
BRDA:90,3,0,2
BRDA:90,3,1,1
BRDA:95,4,0,3
BRDA:95,4,1,2
BRDA:105,5,0,2
BRDA:105,5,1,2
BRDA:122,6,0,1
BRDA:122,6,1,4
BRDA:123,7,0,4
BRDA:123,7,1,3
BRF:16
BRH:16
end_of_record
TN:
SF:src\api\post_likes.ts
FN:3,fetchPostLikeInfo
FN:32,addPostLike
FN:49,deletePostLike
FNF:3
FNH:3
FNDA:4,fetchPostLikeInfo
FNDA:2,addPostLike
FNDA:2,deletePostLike
DA:4,4
DA:5,4
DA:10,4
DA:12,3
DA:19,3
DA:21,2
DA:27,2
DA:28,2
DA:33,2
DA:34,2
DA:40,2
DA:42,1
DA:44,1
DA:45,1
DA:50,2
DA:51,2
DA:57,2
DA:59,1
DA:61,1
DA:62,1
LF:20
LH:20
BRDA:10,0,0,1
BRDA:10,0,1,3
BRDA:19,1,0,1
BRDA:19,1,1,2
BRDA:22,2,0,2
BRDA:22,2,1,0
BRDA:40,3,0,1
BRDA:40,3,1,1
BRDA:57,4,0,1
BRDA:57,4,1,1
BRF:10
BRH:9
end_of_record
TN:
SF:src\app\(home)\create.tsx
FN:17,CreatePostScreen
FN:24,(anonymous_1)
FN:26,(anonymous_2)
FN:35,(anonymous_3)
FN:55,(anonymous_4)
FN:63,(anonymous_5)
FN:67,(anonymous_6)
FN:74,(anonymous_7)
FN:90,(anonymous_8)
FN:91,(anonymous_9)
FN:91,(anonymous_10)
FN:111,(anonymous_11)
FN:142,(anonymous_12)
FN:154,(anonymous_13)
FNF:14
FNH:14
FNDA:22,CreatePostScreen
FNDA:15,(anonymous_1)
FNDA:3,(anonymous_2)
FNDA:5,(anonymous_3)
FNDA:8,(anonymous_4)
FNDA:4,(anonymous_5)
FNDA:4,(anonymous_6)
FNDA:1,(anonymous_7)
FNDA:1,(anonymous_8)
FNDA:1,(anonymous_9)
FNDA:2,(anonymous_10)
FNDA:6,(anonymous_11)
FNDA:11,(anonymous_12)
FNDA:1,(anonymous_13)
DA:9,1
DA:18,22
DA:19,22
DA:20,22
DA:22,22
DA:24,22
DA:26,22
DA:27,3
DA:28,3
DA:29,0
DA:31,3
DA:35,22
DA:36,5
DA:37,0
DA:38,0
DA:40,5
DA:47,5
DA:49,5
DA:50,5
DA:51,1
DA:52,1
DA:55,4
DA:56,8
DA:57,8
DA:63,4
DA:67,22
DA:68,4
DA:69,4
DA:70,1
DA:71,1
DA:73,3
DA:74,3
DA:75,3
DA:76,2
DA:77,2
DA:78,1
DA:80,2
DA:82,2
DA:83,2
DA:85,1
DA:86,1
DA:90,22
DA:91,2
DA:94,22
DA:112,6
DA:143,11
DA:154,1
DA:190,1
LF:48
LH:45
BRDA:28,0,0,0
BRDA:28,0,1,3
BRDA:28,1,0,3
BRDA:28,1,1,3
BRDA:36,2,0,0
BRDA:36,2,1,5
BRDA:49,3,0,5
BRDA:49,3,1,0
BRDA:49,4,0,5
BRDA:49,4,1,5
BRDA:49,4,2,5
BRDA:50,5,0,1
BRDA:50,5,1,4
BRDA:56,6,0,8
BRDA:56,6,1,0
BRDA:69,7,0,1
BRDA:69,7,1,3
BRDA:69,8,0,4
BRDA:69,8,1,1
BRDA:74,9,0,3
BRDA:74,9,1,0
BRDA:77,10,0,1
BRDA:77,10,1,1
BRDA:77,11,0,2
BRDA:77,11,1,1
BRDA:112,12,0,5
BRDA:112,12,1,1
BRDA:117,13,0,22
BRDA:117,13,1,1
BRDA:142,14,0,22
BRDA:142,14,1,0
BRF:31
BRH:25
end_of_record
TN:
SF:src\components\Pfp.tsx
FN:13,(anonymous_0)
FN:16,(anonymous_1)
FN:17,(anonymous_2)
FN:30,(anonymous_3)
FNF:4
FNH:4
FNDA:43,(anonymous_0)
FNDA:17,(anonymous_1)
FNDA:17,(anonymous_2)
FNDA:17,(anonymous_3)
DA:13,1
DA:14,43
DA:16,43
DA:17,17
DA:18,17
DA:19,17
DA:20,0
DA:21,0
DA:23,17
DA:27,17
DA:30,17
DA:31,17
DA:32,0
DA:37,43
DA:39,0
DA:49,43
LF:16
LH:12
BRDA:13,0,0,36
BRDA:31,1,0,0
BRDA:31,1,1,17
BRDA:37,2,0,0
BRDA:37,2,1,43
BRDA:37,3,0,43
BRDA:37,3,1,0
BRDA:41,4,0,0
BRDA:41,4,1,0
BRDA:51,5,0,43
BRDA:51,5,1,0
BRF:11
BRH:5
end_of_record
TN:
SF:src\components\PostCard.tsx
FN:19,(anonymous_0)
FN:32,(anonymous_1)
FN:48,(anonymous_2)
FN:55,(anonymous_3)
FN:56,(anonymous_4)
FN:74,(anonymous_5)
FN:85,(anonymous_6)
FN:97,(anonymous_7)
FN:98,(anonymous_8)
FN:109,(anonymous_9)
FN:113,(anonymous_10)
FN:123,(anonymous_11)
FN:127,(anonymous_12)
FN:139,(anonymous_13)
FN:153,(anonymous_14)
FN:170,(anonymous_15)
FN:174,(anonymous_16)
FN:192,(anonymous_17)
FN:193,(anonymous_18)
FN:203,(anonymous_19)
FN:205,(anonymous_20)
FN:208,(anonymous_21)
FN:219,(anonymous_22)
FN:227,(anonymous_23)
FN:236,(anonymous_24)
FN:253,(anonymous_25)
FN:307,(anonymous_26)
FN:337,(anonymous_27)
FN:337,(anonymous_28)
FNF:29
FNH:26
FNDA:30,(anonymous_0)
FNDA:30,(anonymous_1)
FNDA:9,(anonymous_2)
FNDA:9,(anonymous_3)
FNDA:9,(anonymous_4)
FNDA:11,(anonymous_5)
FNDA:2,(anonymous_6)
FNDA:1,(anonymous_7)
FNDA:1,(anonymous_8)
FNDA:1,(anonymous_9)
FNDA:1,(anonymous_10)
FNDA:9,(anonymous_11)
FNDA:2,(anonymous_12)
FNDA:1,(anonymous_13)
FNDA:1,(anonymous_14)
FNDA:1,(anonymous_15)
FNDA:1,(anonymous_16)
FNDA:0,(anonymous_17)
FNDA:0,(anonymous_18)
FNDA:9,(anonymous_19)
FNDA:24,(anonymous_20)
FNDA:16,(anonymous_21)
FNDA:1,(anonymous_22)
FNDA:0,(anonymous_23)
FNDA:1,(anonymous_24)
FNDA:1,(anonymous_25)
FNDA:40,(anonymous_26)
FNDA:4,(anonymous_27)
FNDA:4,(anonymous_28)
DA:19,1
DA:20,30
DA:21,30
DA:22,30
DA:23,30
DA:24,30
DA:25,0
DA:26,0
DA:27,0
DA:28,0
DA:29,0
DA:32,1
DA:33,30
DA:34,30
DA:35,30
DA:36,30
DA:37,30
DA:38,30
DA:39,30
DA:40,30
DA:42,30
DA:44,30
DA:46,30
DA:48,30
DA:49,9
DA:50,1
DA:52,8
DA:55,30
DA:56,9
DA:57,9
DA:58,9
DA:59,1
DA:61,8
DA:62,8
DA:63,8
DA:65,0
DA:68,0
DA:71,9
DA:74,30
DA:75,11
DA:76,11
DA:77,11
DA:78,11
DA:81,0
DA:85,30
DA:86,2
DA:87,2
DA:88,2
DA:89,2
DA:90,2
DA:93,0
DA:97,30
DA:98,1
DA:99,1
DA:100,1
DA:101,0
DA:102,0
DA:104,0
DA:106,1
DA:109,30
DA:110,1
DA:111,1
DA:112,1
DA:113,1
DA:114,1
DA:119,0
DA:123,30
DA:124,9
DA:127,30
DA:128,2
DA:129,2
DA:130,1
DA:132,1
DA:134,2
DA:135,2
DA:139,30
DA:140,1
DA:141,1
DA:146,1
DA:147,1
DA:148,1
DA:149,1
DA:153,30
DA:154,1
DA:155,1
DA:156,1
DA:157,0
DA:159,1
DA:161,1
DA:162,1
DA:163,0
DA:165,1
DA:170,30
DA:171,1
DA:174,30
DA:175,1
DA:176,1
DA:182,1
DA:183,1
DA:185,1
DA:186,1
DA:187,1
DA:188,1
DA:192,30
DA:193,0
DA:194,0
DA:195,0
DA:196,0
DA:197,0
DA:199,0
DA:203,30
DA:205,30
DA:206,24
DA:208,24
DA:210,16
DA:212,16
DA:213,16
DA:216,16
DA:219,1
DA:228,0
DA:236,1
DA:253,1
DA:265,16
DA:279,16
DA:288,30
DA:308,40
DA:337,4
DA:370,1
LF:128
LH:106
BRDA:24,0,0,30
BRDA:24,0,1,0
BRDA:25,1,0,0
BRDA:25,1,1,0
BRDA:25,2,0,0
BRDA:25,2,1,0
BRDA:27,3,0,0
BRDA:27,3,1,0
BRDA:27,4,0,0
BRDA:27,4,1,0
BRDA:29,5,0,0
BRDA:29,5,1,0
BRDA:34,6,0,30
BRDA:34,6,1,0
BRDA:35,7,0,30
BRDA:35,7,1,0
BRDA:44,8,0,30
BRDA:44,8,1,0
BRDA:49,9,0,1
BRDA:49,9,1,8
BRDA:49,10,0,9
BRDA:49,10,1,8
BRDA:58,11,0,1
BRDA:58,11,1,8
BRDA:61,12,0,8
BRDA:61,12,1,0
BRDA:76,13,0,11
BRDA:76,13,1,0
BRDA:77,14,0,11
BRDA:77,14,1,0
BRDA:87,15,0,2
BRDA:87,15,1,0
BRDA:88,16,0,2
BRDA:88,16,1,0
BRDA:99,17,0,1
BRDA:99,17,1,0
BRDA:101,18,0,0
BRDA:101,18,1,0
BRDA:101,19,0,0
BRDA:101,19,1,0
BRDA:102,20,0,0
BRDA:102,20,1,0
BRDA:111,21,0,1
BRDA:111,21,1,0
BRDA:112,22,0,1
BRDA:112,22,1,0
BRDA:129,23,0,1
BRDA:129,23,1,1
BRDA:130,24,0,1
BRDA:130,24,1,0
BRDA:132,25,0,1
BRDA:132,25,1,0
BRDA:134,26,0,2
BRDA:134,26,1,0
BRDA:140,27,0,1
BRDA:140,27,1,0
BRDA:142,28,0,1
BRDA:142,28,1,0
BRDA:149,29,0,1
BRDA:149,29,1,0
BRDA:156,30,0,0
BRDA:156,30,1,1
BRDA:157,31,0,0
BRDA:157,31,1,0
BRDA:159,32,0,1
BRDA:159,32,1,0
BRDA:161,33,0,1
BRDA:161,33,1,0
BRDA:162,34,0,0
BRDA:162,34,1,1
BRDA:171,35,0,0
BRDA:171,35,1,1
BRDA:175,36,0,1
BRDA:175,36,1,0
BRDA:178,37,0,1
BRDA:178,37,1,0
BRDA:182,38,0,1
BRDA:182,38,1,0
BRDA:194,39,0,0
BRDA:194,39,1,0
BRDA:195,40,0,0
BRDA:195,40,1,0
BRDA:196,41,0,0
BRDA:196,41,1,0
BRDA:196,42,0,0
BRDA:196,42,1,0
BRDA:197,43,0,0
BRDA:197,43,1,0
BRDA:203,44,0,9
BRDA:203,44,1,0
BRDA:205,45,0,8
BRDA:206,46,0,0
BRDA:206,46,1,24
BRDA:210,47,0,16
BRDA:210,47,1,8
BRDA:212,48,0,16
BRDA:212,48,1,0
BRDA:213,49,0,16
BRDA:213,49,1,0
BRDA:216,50,0,8
BRDA:216,50,1,8
BRDA:221,51,0,0
BRDA:221,51,1,16
BRDA:223,52,0,0
BRDA:223,52,1,16
BRDA:230,53,0,8
BRDA:230,53,1,8
BRDA:231,54,0,8
BRDA:231,54,1,8
BRDA:232,55,0,8
BRDA:232,55,1,8
BRDA:235,56,0,16
BRDA:235,56,1,16
BRDA:242,57,0,16
BRDA:242,57,1,2
BRDA:252,58,0,2
BRDA:252,58,1,1
BRDA:260,59,0,16
BRDA:260,59,1,8
BRDA:265,60,0,8
BRDA:265,60,1,8
BRDA:266,61,0,16
BRDA:266,61,1,0
BRDA:266,62,0,16
BRDA:266,62,1,0
BRDA:266,63,0,8
BRDA:266,63,1,8
BRDA:271,64,0,8
BRDA:271,64,1,8
BRDA:279,65,0,8
BRDA:279,65,1,8
BRDA:305,66,0,30
BRDA:305,66,1,20
BRDA:307,67,0,20
BRDA:307,67,1,0
BRDA:312,68,0,40
BRDA:312,68,1,0
BRDA:326,69,0,4
BRDA:326,69,1,26
BRDA:327,70,0,4
BRDA:327,70,1,26
BRDA:327,71,0,4
BRDA:327,71,1,26
BRDA:328,72,0,4
BRDA:328,72,1,26
BRDA:331,73,0,30
BRDA:331,73,1,0
BRDA:332,74,0,30
BRDA:332,74,1,0
BRDA:333,75,0,30
BRDA:333,75,1,0
BRDA:336,76,0,30
BRDA:336,76,1,30
BRDA:339,77,0,8
BRDA:339,77,1,22
BRDA:346,78,0,30
BRDA:346,78,1,8
BRDA:358,79,0,30
BRDA:358,79,1,1
BRF:159
BRH:92
end_of_record
TN:
SF:src\context\AuthContext.tsx
FN:17,(anonymous_0)
FN:19,(anonymous_1)
FN:23,(anonymous_2)
FN:25,(anonymous_3)
FN:36,(anonymous_4)
FN:45,(anonymous_5)
FN:50,(anonymous_6)
FN:55,(anonymous_7)
FN:64,(anonymous_8)
FNF:9
FNH:0
FNDA:0,(anonymous_0)
FNDA:0,(anonymous_1)
FNDA:0,(anonymous_2)
FNDA:0,(anonymous_3)
FNDA:0,(anonymous_4)
FNDA:0,(anonymous_5)
FNDA:0,(anonymous_6)
FNDA:0,(anonymous_7)
FNDA:0,(anonymous_8)
DA:17,1
DA:19,1
DA:20,0
DA:21,0
DA:23,0
DA:25,0
DA:26,0
DA:27,0
DA:28,0
DA:30,0
DA:33,0
DA:36,0
DA:37,0
DA:38,0
DA:39,0
DA:40,0
DA:45,0
DA:46,0
DA:50,0
DA:51,0
DA:52,0
DA:55,0
DA:57,0
DA:64,1
DA:65,0
DA:66,0
DA:67,0
DA:69,0
LF:28
LH:3
BRDA:27,0,0,0
BRDA:27,0,1,0
BRDA:37,1,0,0
BRDA:37,1,1,0
BRDA:38,2,0,0
BRDA:38,2,1,0
BRDA:39,3,0,0
BRDA:39,3,1,0
BRDA:59,4,0,0
BRDA:59,4,1,0
BRDA:66,5,0,0
BRDA:66,5,1,0
BRF:12
BRH:0
end_of_record
