TN:
SF:src\api\posts.ts
FN:4,(anonymous_0)
FN:16,(anonymous_1)
FN:41,(anonymous_2)
FN:66,(anonymous_3)
FNF:4
FNH:4
FNDA:5,(anonymous_0)
FNDA:5,(anonymous_1)
FNDA:6,(anonymous_2)
FNDA:7,(anonymous_3)
DA:4,1
DA:5,5
DA:11,5
DA:12,4
DA:16,1
DA:17,5
DA:32,5
DA:33,3
DA:35,2
DA:37,5
DA:41,1
DA:42,6
DA:58,6
DA:59,2
DA:60,2
DA:62,4
DA:66,1
DA:67,7
DA:68,4
DA:78,4
DA:79,2
DA:80,2
DA:82,2
LF:23
LH:23
BRDA:11,0,0,1
BRDA:11,0,1,4
BRDA:32,1,0,3
BRDA:32,1,1,2
BRDA:58,2,0,2
BRDA:58,2,1,4
BRDA:67,3,0,3
BRDA:67,3,1,4
BRDA:78,4,0,2
BRDA:78,4,1,2
BRF:10
BRH:10
end_of_record
